2024-07-02 12:35:03.503 INFO c.e.u.UniversityOfTabrizApplication uId:  --- Starting UniversityOfTabrizApplication using Java 21.0.1 with PID 2492 (C:\Users\Hamed2\Desktop\UniversityOfTabriz\target\classes started by Hamed2 in C:\Users\Hamed2\Desktop\UniversityOfTabriz)
2024-07-02 12:35:03.505 INFO c.e.u.UniversityOfTabrizApplication uId:  --- No active profile set, falling back to 1 default profile: "default"
2024-07-02 12:35:14.250 ERROR o.s.b.SpringApplication uId:  --- Application run failed
org.springframework.beans.factory.UnsatisfiedDependencyException: Error creating bean with name 'teachersSalaryService': Unsatisfied dependency expressed through field 'teachersSalaryRepository': Error creating bean with name 'teachersSalaryRepository' defined in com.example.universityoftabriz.Repository.TeachersSalaryRepository defined in @EnableJpaRepositories declared on JpaRepositoriesRegistrar.EnableJpaRepositoriesConfiguration: Could not create query for public abstract java.util.List com.example.universityoftabriz.Repository.TeachersSalaryRepository.findByUser_id(long); Reason: Failed to create query for method public abstract java.util.List com.example.universityoftabriz.Repository.TeachersSalaryRepository.findByUser_id(long); No property 'user' found for type 'TeachersSalary'
	at org.springframework.beans.factory.annotation.AutowiredAnnotationBeanPostProcessor$AutowiredFieldElement.resolveFieldValue(AutowiredAnnotationBeanPostProcessor.java:787)
	at org.springframework.beans.factory.annotation.AutowiredAnnotationBeanPostProcessor$AutowiredFieldElement.inject(AutowiredAnnotationBeanPostProcessor.java:767)
	at org.springframework.beans.factory.annotation.InjectionMetadata.inject(InjectionMetadata.java:145)
	at org.springframework.beans.factory.annotation.AutowiredAnnotationBeanPostProcessor.postProcessProperties(AutowiredAnnotationBeanPostProcessor.java:508)
	at org.springframework.beans.factory.support.AbstractAutowireCapableBeanFactory.populateBean(AbstractAutowireCapableBeanFactory.java:1421)
	at org.springframework.beans.factory.support.AbstractAutowireCapableBeanFactory.doCreateBean(AbstractAutowireCapableBeanFactory.java:599)
	at org.springframework.beans.factory.support.AbstractAutowireCapableBeanFactory.createBean(AbstractAutowireCapableBeanFactory.java:522)
	at org.springframework.beans.factory.support.AbstractBeanFactory.lambda$doGetBean$0(AbstractBeanFactory.java:337)
	at org.springframework.beans.factory.support.DefaultSingletonBeanRegistry.getSingleton(DefaultSingletonBeanRegistry.java:234)
	at org.springframework.beans.factory.support.AbstractBeanFactory.doGetBean(AbstractBeanFactory.java:335)
	at org.springframework.beans.factory.support.AbstractBeanFactory.getBean(AbstractBeanFactory.java:200)
	at org.springframework.beans.factory.support.DefaultListableBeanFactory.preInstantiateSingletons(DefaultListableBeanFactory.java:975)
	at org.springframework.context.support.AbstractApplicationContext.finishBeanFactoryInitialization(AbstractApplicationContext.java:962)
	at org.springframework.context.support.AbstractApplicationContext.refresh(AbstractApplicationContext.java:624)
	at org.springframework.boot.web.servlet.context.ServletWebServerApplicationContext.refresh(ServletWebServerApplicationContext.java:146)
	at org.springframework.boot.SpringApplication.refresh(SpringApplication.java:754)
	at org.springframework.boot.SpringApplication.refreshContext(SpringApplication.java:456)
	at org.springframework.boot.SpringApplication.run(SpringApplication.java:335)
	at org.springframework.boot.SpringApplication.run(SpringApplication.java:1363)
	at org.springframework.boot.SpringApplication.run(SpringApplication.java:1352)
	at com.example.universityoftabriz.UniversityOfTabrizApplication.main(UniversityOfTabrizApplication.java:10)
	at java.base/jdk.internal.reflect.DirectMethodHandleAccessor.invoke(DirectMethodHandleAccessor.java:103)
	at java.base/java.lang.reflect.Method.invoke(Method.java:580)
	at org.springframework.boot.devtools.restart.RestartLauncher.run(RestartLauncher.java:50)
Caused by: org.springframework.beans.factory.BeanCreationException: Error creating bean with name 'teachersSalaryRepository' defined in com.example.universityoftabriz.Repository.TeachersSalaryRepository defined in @EnableJpaRepositories declared on JpaRepositoriesRegistrar.EnableJpaRepositoriesConfiguration: Could not create query for public abstract java.util.List com.example.universityoftabriz.Repository.TeachersSalaryRepository.findByUser_id(long); Reason: Failed to create query for method public abstract java.util.List com.example.universityoftabriz.Repository.TeachersSalaryRepository.findByUser_id(long); No property 'user' found for type 'TeachersSalary'
	at org.springframework.beans.factory.support.AbstractAutowireCapableBeanFactory.initializeBean(AbstractAutowireCapableBeanFactory.java:1788)
	at org.springframework.beans.factory.support.AbstractAutowireCapableBeanFactory.doCreateBean(AbstractAutowireCapableBeanFactory.java:600)
	at org.springframework.beans.factory.support.AbstractAutowireCapableBeanFactory.createBean(AbstractAutowireCapableBeanFactory.java:522)
	at org.springframework.beans.factory.support.AbstractBeanFactory.lambda$doGetBean$0(AbstractBeanFactory.java:337)
	at org.springframework.beans.factory.support.DefaultSingletonBeanRegistry.getSingleton(DefaultSingletonBeanRegistry.java:234)
	at org.springframework.beans.factory.support.AbstractBeanFactory.doGetBean(AbstractBeanFactory.java:335)
	at org.springframework.beans.factory.support.AbstractBeanFactory.getBean(AbstractBeanFactory.java:200)
	at org.springframework.beans.factory.config.DependencyDescriptor.resolveCandidate(DependencyDescriptor.java:254)
	at org.springframework.beans.factory.support.DefaultListableBeanFactory.doResolveDependency(DefaultListableBeanFactory.java:1443)
	at org.springframework.beans.factory.support.DefaultListableBeanFactory.resolveDependency(DefaultListableBeanFactory.java:1353)
	at org.springframework.beans.factory.annotation.AutowiredAnnotationBeanPostProcessor$AutowiredFieldElement.resolveFieldValue(AutowiredAnnotationBeanPostProcessor.java:784)
	... 23 common frames omitted
Caused by: org.springframework.data.repository.query.QueryCreationException: Could not create query for public abstract java.util.List com.example.universityoftabriz.Repository.TeachersSalaryRepository.findByUser_id(long); Reason: Failed to create query for method public abstract java.util.List com.example.universityoftabriz.Repository.TeachersSalaryRepository.findByUser_id(long); No property 'user' found for type 'TeachersSalary'
	at org.springframework.data.repository.query.QueryCreationException.create(QueryCreationException.java:101)
	at org.springframework.data.repository.core.support.QueryExecutorMethodInterceptor.lookupQuery(QueryExecutorMethodInterceptor.java:115)
	at org.springframework.data.repository.core.support.QueryExecutorMethodInterceptor.mapMethodsToQuery(QueryExecutorMethodInterceptor.java:99)
	at org.springframework.data.repository.core.support.QueryExecutorMethodInterceptor.lambda$new$0(QueryExecutorMethodInterceptor.java:88)
	at java.base/java.util.Optional.map(Optional.java:260)
	at org.springframework.data.repository.core.support.QueryExecutorMethodInterceptor.<init>(QueryExecutorMethodInterceptor.java:88)
	at org.springframework.data.repository.core.support.RepositoryFactorySupport.getRepository(RepositoryFactorySupport.java:357)
	at org.springframework.data.repository.core.support.RepositoryFactoryBeanSupport.lambda$afterPropertiesSet$5(RepositoryFactoryBeanSupport.java:286)
	at org.springframework.data.util.Lazy.getNullable(Lazy.java:135)
	at org.springframework.data.util.Lazy.get(Lazy.java:113)
	at org.springframework.data.repository.core.support.RepositoryFactoryBeanSupport.afterPropertiesSet(RepositoryFactoryBeanSupport.java:292)
	at org.springframework.data.jpa.repository.support.JpaRepositoryFactoryBean.afterPropertiesSet(JpaRepositoryFactoryBean.java:132)
	at org.springframework.beans.factory.support.AbstractAutowireCapableBeanFactory.invokeInitMethods(AbstractAutowireCapableBeanFactory.java:1835)
	at org.springframework.beans.factory.support.AbstractAutowireCapableBeanFactory.initializeBean(AbstractAutowireCapableBeanFactory.java:1784)
	... 33 common frames omitted
Caused by: java.lang.IllegalArgumentException: Failed to create query for method public abstract java.util.List com.example.universityoftabriz.Repository.TeachersSalaryRepository.findByUser_id(long); No property 'user' found for type 'TeachersSalary'
	at org.springframework.data.jpa.repository.query.PartTreeJpaQuery.<init>(PartTreeJpaQuery.java:106)
	at org.springframework.data.jpa.repository.query.JpaQueryLookupStrategy$CreateQueryLookupStrategy.resolveQuery(JpaQueryLookupStrategy.java:124)
	at org.springframework.data.jpa.repository.query.JpaQueryLookupStrategy$CreateIfNotFoundQueryLookupStrategy.resolveQuery(JpaQueryLookupStrategy.java:258)
	at org.springframework.data.jpa.repository.query.JpaQueryLookupStrategy$AbstractQueryLookupStrategy.resolveQuery(JpaQueryLookupStrategy.java:95)
	at org.springframework.data.repository.core.support.QueryExecutorMethodInterceptor.lookupQuery(QueryExecutorMethodInterceptor.java:111)
	... 45 common frames omitted
Caused by: org.springframework.data.mapping.PropertyReferenceException: No property 'user' found for type 'TeachersSalary'
	at org.springframework.data.mapping.PropertyPath.<init>(PropertyPath.java:94)
	at org.springframework.data.mapping.PropertyPath.create(PropertyPath.java:455)
	at org.springframework.data.mapping.PropertyPath.create(PropertyPath.java:431)
	at org.springframework.data.mapping.PropertyPath.lambda$from$0(PropertyPath.java:384)
	at java.base/java.util.concurrent.ConcurrentMap.computeIfAbsent(ConcurrentMap.java:330)
	at org.springframework.data.mapping.PropertyPath.from(PropertyPath.java:366)
	at org.springframework.data.mapping.PropertyPath.from(PropertyPath.java:344)
	at org.springframework.data.repository.query.parser.Part.<init>(Part.java:81)
	at org.springframework.data.repository.query.parser.PartTree$OrPart.lambda$new$0(PartTree.java:259)
	at java.base/java.util.stream.ReferencePipeline$3$1.accept(ReferencePipeline.java:197)
	at java.base/java.util.stream.ReferencePipeline$2$1.accept(ReferencePipeline.java:179)
	at java.base/java.util.Spliterators$ArraySpliterator.forEachRemaining(Spliterators.java:1024)
	at java.base/java.util.stream.AbstractPipeline.copyInto(AbstractPipeline.java:509)
	at java.base/java.util.stream.AbstractPipeline.wrapAndCopyInto(AbstractPipeline.java:499)
	at java.base/java.util.stream.ReduceOps$ReduceOp.evaluateSequential(ReduceOps.java:921)
	at java.base/java.util.stream.AbstractPipeline.evaluate(AbstractPipeline.java:234)
	at java.base/java.util.stream.ReferencePipeline.collect(ReferencePipeline.java:682)
	at org.springframework.data.repository.query.parser.PartTree$OrPart.<init>(PartTree.java:260)
	at org.springframework.data.repository.query.parser.PartTree$Predicate.lambda$new$0(PartTree.java:389)
	at java.base/java.util.stream.ReferencePipeline$3$1.accept(ReferencePipeline.java:197)
	at java.base/java.util.stream.ReferencePipeline$2$1.accept(ReferencePipeline.java:179)
	at java.base/java.util.Spliterators$ArraySpliterator.forEachRemaining(Spliterators.java:1024)
	at java.base/java.util.stream.AbstractPipeline.copyInto(AbstractPipeline.java:509)
	at java.base/java.util.stream.AbstractPipeline.wrapAndCopyInto(AbstractPipeline.java:499)
	at java.base/java.util.stream.ReduceOps$ReduceOp.evaluateSequential(ReduceOps.java:921)
	at java.base/java.util.stream.AbstractPipeline.evaluate(AbstractPipeline.java:234)
	at java.base/java.util.stream.ReferencePipeline.collect(ReferencePipeline.java:682)
	at org.springframework.data.repository.query.parser.PartTree$Predicate.<init>(PartTree.java:390)
	at org.springframework.data.repository.query.parser.PartTree.<init>(PartTree.java:103)
	at org.springframework.data.jpa.repository.query.PartTreeJpaQuery.<init>(PartTreeJpaQuery.java:100)
	... 49 common frames omitted
2024-07-02 12:35:57.417 INFO c.e.u.UniversityOfTabrizApplication uId:  --- Starting UniversityOfTabrizApplication using Java 21.0.1 with PID 2964 (C:\Users\Hamed2\Desktop\UniversityOfTabriz\target\classes started by Hamed2 in C:\Users\Hamed2\Desktop\UniversityOfTabriz)
2024-07-02 12:35:57.419 INFO c.e.u.UniversityOfTabrizApplication uId:  --- No active profile set, falling back to 1 default profile: "default"
2024-07-02 12:36:07.331 INFO c.e.u.UniversityOfTabrizApplication uId:  --- Started UniversityOfTabrizApplication in 10.302 seconds (process running for 11.295)
2024-07-02 12:39:17.351 INFO c.e.u.C.LoginController uId: 100 --- Application Started.
2024-07-02 12:50:24.902 INFO c.e.u.UniversityOfTabrizApplication uId:  --- Starting UniversityOfTabrizApplication using Java 21.0.1 with PID 4376 (C:\Users\Hamed2\Desktop\UniversityOfTabriz\target\classes started by Hamed2 in C:\Users\Hamed2\Desktop\UniversityOfTabriz)
2024-07-02 12:50:24.904 INFO c.e.u.UniversityOfTabrizApplication uId:  --- No active profile set, falling back to 1 default profile: "default"
2024-07-02 12:50:36.490 INFO c.e.u.UniversityOfTabrizApplication uId:  --- Started UniversityOfTabrizApplication in 12.254 seconds (process running for 13.925)
2024-07-02 12:50:49.181 INFO c.e.u.C.LoginController uId: 100 --- Application Started.
2024-07-02 12:52:09.769 INFO c.e.u.UniversityOfTabrizApplication uId:  --- Starting UniversityOfTabrizApplication using Java 21.0.1 with PID 20072 (C:\Users\Hamed2\Desktop\UniversityOfTabriz\target\classes started by Hamed2 in C:\Users\Hamed2\Desktop\UniversityOfTabriz)
2024-07-02 12:52:09.771 INFO c.e.u.UniversityOfTabrizApplication uId:  --- No active profile set, falling back to 1 default profile: "default"
2024-07-02 12:52:19.999 INFO c.e.u.UniversityOfTabrizApplication uId:  --- Started UniversityOfTabrizApplication in 10.749 seconds (process running for 12.076)
2024-07-02 12:53:09.714 INFO c.e.u.C.LoginController uId: 100 --- Application Started.
2024-07-02 12:53:40.029 INFO c.e.u.C.LoginController uId: 101 --- Application Started.
2024-07-02 14:14:27.857 INFO c.e.u.UniversityOfTabrizApplication uId:  --- Starting UniversityOfTabrizApplication using Java 21.0.1 with PID 19904 (C:\Users\Hamed2\Desktop\UniversityOfTabriz\target\classes started by Hamed2 in C:\Users\Hamed2\Desktop\UniversityOfTabriz)
2024-07-02 14:14:27.859 INFO c.e.u.UniversityOfTabrizApplication uId:  --- No active profile set, falling back to 1 default profile: "default"
2024-07-02 14:14:39.482 INFO c.e.u.UniversityOfTabrizApplication uId:  --- Started UniversityOfTabrizApplication in 12.136 seconds (process running for 13.745)
2024-07-02 14:15:25.410 INFO c.e.u.C.LoginController uId: 100 --- Application Started.
2024-07-02 14:25:39.586 INFO c.e.u.UniversityOfTabrizApplication uId:  --- Starting UniversityOfTabrizApplication using Java 21.0.1 with PID 18144 (C:\Users\Hamed2\Desktop\UniversityOfTabriz\target\classes started by Hamed2 in C:\Users\Hamed2\Desktop\UniversityOfTabriz)
2024-07-02 14:25:39.588 INFO c.e.u.UniversityOfTabrizApplication uId:  --- No active profile set, falling back to 1 default profile: "default"
2024-07-02 14:25:52.044 INFO c.e.u.UniversityOfTabrizApplication uId:  --- Started UniversityOfTabrizApplication in 12.87 seconds (process running for 14.179)
2024-07-02 14:26:11.188 INFO c.e.u.C.LoginController uId: 100 --- Application Started.
2024-07-02 14:26:42.127 INFO c.e.u.UniversityOfTabrizApplication uId:  --- Starting UniversityOfTabrizApplication using Java 21.0.1 with PID 9764 (C:\Users\Hamed2\Desktop\UniversityOfTabriz\target\classes started by Hamed2 in C:\Users\Hamed2\Desktop\UniversityOfTabriz)
2024-07-02 14:26:42.129 INFO c.e.u.UniversityOfTabrizApplication uId:  --- No active profile set, falling back to 1 default profile: "default"
2024-07-02 14:26:50.814 INFO c.e.u.UniversityOfTabrizApplication uId:  --- Started UniversityOfTabrizApplication in 9.217 seconds (process running for 10.48)
2024-07-02 14:26:59.848 INFO c.e.u.C.LoginController uId: 100 --- Application Started.
2024-07-02 14:28:17.832 INFO c.e.u.UniversityOfTabrizApplication uId:  --- Starting UniversityOfTabrizApplication using Java 21.0.1 with PID 12840 (C:\Users\Hamed2\Desktop\UniversityOfTabriz\target\classes started by Hamed2 in C:\Users\Hamed2\Desktop\UniversityOfTabriz)
2024-07-02 14:28:17.846 INFO c.e.u.UniversityOfTabrizApplication uId:  --- No active profile set, falling back to 1 default profile: "default"
2024-07-02 14:28:23.023 INFO c.e.u.UniversityOfTabrizApplication uId:  --- Started UniversityOfTabrizApplication in 5.657 seconds (process running for 6.727)
2024-07-02 14:28:37.770 INFO c.e.u.C.LoginController uId: 100 --- Application Started.
2024-07-02 14:30:36.395 INFO c.e.u.UniversityOfTabrizApplication uId:  --- Starting UniversityOfTabrizApplication using Java 21.0.1 with PID 6292 (C:\Users\Hamed2\Desktop\UniversityOfTabriz\target\classes started by Hamed2 in C:\Users\Hamed2\Desktop\UniversityOfTabriz)
2024-07-02 14:30:36.397 INFO c.e.u.UniversityOfTabrizApplication uId:  --- No active profile set, falling back to 1 default profile: "default"
2024-07-02 14:30:46.364 INFO c.e.u.UniversityOfTabrizApplication uId:  --- Started UniversityOfTabrizApplication in 10.357 seconds (process running for 11.431)
2024-07-02 14:30:52.956 INFO c.e.u.C.LoginController uId: 100 --- Application Started.
2024-07-02 19:11:08.226 INFO c.e.u.UniversityOfTabrizApplication uId:  --- Starting UniversityOfTabrizApplication using Java 21.0.1 with PID 19876 (C:\Users\Hamed2\Desktop\UniversityOfTabriz\target\classes started by Hamed2 in C:\Users\Hamed2\Desktop\UniversityOfTabriz)
2024-07-02 19:11:08.229 INFO c.e.u.UniversityOfTabrizApplication uId:  --- No active profile set, falling back to 1 default profile: "default"
2024-07-02 19:11:23.184 INFO c.e.u.UniversityOfTabrizApplication uId:  --- Started UniversityOfTabrizApplication in 15.751 seconds (process running for 18.489)
2024-07-02 19:12:36.677 INFO c.e.u.C.LoginController uId: 100 --- Application Started.
2024-07-02 19:18:10.036 INFO c.e.u.UniversityOfTabrizApplication uId:  --- Starting UniversityOfTabrizApplication using Java 21.0.1 with PID 11068 (C:\Users\Hamed2\Desktop\UniversityOfTabriz\target\classes started by Hamed2 in C:\Users\Hamed2\Desktop\UniversityOfTabriz)
2024-07-02 19:18:10.039 INFO c.e.u.UniversityOfTabrizApplication uId:  --- No active profile set, falling back to 1 default profile: "default"
2024-07-02 19:18:22.877 INFO c.e.u.UniversityOfTabrizApplication uId:  --- Started UniversityOfTabrizApplication in 13.33 seconds (process running for 14.76)
2024-07-02 19:31:00.011 INFO c.e.u.C.LoginController uId: 100 --- Application Started.
2024-07-02 19:36:41.435 INFO c.e.u.UniversityOfTabrizApplication uId:  --- Starting UniversityOfTabrizApplication using Java 21.0.1 with PID 15896 (C:\Users\Hamed2\Desktop\UniversityOfTabriz\target\classes started by Hamed2 in C:\Users\Hamed2\Desktop\UniversityOfTabriz)
2024-07-02 19:36:41.437 INFO c.e.u.UniversityOfTabrizApplication uId:  --- No active profile set, falling back to 1 default profile: "default"
2024-07-02 19:36:55.658 INFO c.e.u.UniversityOfTabrizApplication uId:  --- Started UniversityOfTabrizApplication in 14.748 seconds (process running for 16.236)
2024-07-02 19:37:11.236 INFO c.e.u.C.LoginController uId: 100 --- Application Started.
2024-07-02 19:51:05.721 INFO c.e.u.UniversityOfTabrizApplication uId:  --- Starting UniversityOfTabrizApplication using Java 21.0.1 with PID 10444 (C:\Users\Hamed2\Desktop\UniversityOfTabriz\target\classes started by Hamed2 in C:\Users\Hamed2\Desktop\UniversityOfTabriz)
2024-07-02 19:51:05.724 INFO c.e.u.UniversityOfTabrizApplication uId:  --- No active profile set, falling back to 1 default profile: "default"
2024-07-02 19:51:17.457 INFO c.e.u.UniversityOfTabrizApplication uId:  --- Started UniversityOfTabrizApplication in 12.294 seconds (process running for 13.908)
2024-07-02 19:52:31.328 INFO c.e.u.C.LoginController uId: 100 --- Application Started.
2024-07-02 19:54:46.615 INFO c.e.u.UniversityOfTabrizApplication uId:  --- Starting UniversityOfTabrizApplication using Java 21.0.1 with PID 7348 (C:\Users\Hamed2\Desktop\UniversityOfTabriz\target\classes started by Hamed2 in C:\Users\Hamed2\Desktop\UniversityOfTabriz)
2024-07-02 19:54:46.618 INFO c.e.u.UniversityOfTabrizApplication uId:  --- No active profile set, falling back to 1 default profile: "default"
2024-07-02 19:54:58.077 INFO c.e.u.UniversityOfTabrizApplication uId:  --- Started UniversityOfTabrizApplication in 11.994 seconds (process running for 13.709)
2024-07-02 19:55:02.414 INFO c.e.u.C.LoginController uId: 100 --- Application Started.
2024-07-02 19:57:04.857 INFO c.e.u.UniversityOfTabrizApplication uId:  --- Starting UniversityOfTabrizApplication using Java 21.0.1 with PID 21144 (C:\Users\Hamed2\Desktop\UniversityOfTabriz\target\classes started by Hamed2 in C:\Users\Hamed2\Desktop\UniversityOfTabriz)
2024-07-02 19:57:04.859 INFO c.e.u.UniversityOfTabrizApplication uId:  --- No active profile set, falling back to 1 default profile: "default"
2024-07-02 19:57:15.303 INFO c.e.u.UniversityOfTabrizApplication uId:  --- Started UniversityOfTabrizApplication in 10.936 seconds (process running for 12.149)
2024-07-02 19:57:22.587 INFO c.e.u.C.LoginController uId: 100 --- Application Started.
2024-07-02 19:59:07.475 INFO c.e.u.UniversityOfTabrizApplication uId:  --- Starting UniversityOfTabrizApplication using Java 21.0.1 with PID 16372 (C:\Users\Hamed2\Desktop\UniversityOfTabriz\target\classes started by Hamed2 in C:\Users\Hamed2\Desktop\UniversityOfTabriz)
2024-07-02 19:59:07.477 INFO c.e.u.UniversityOfTabrizApplication uId:  --- No active profile set, falling back to 1 default profile: "default"
2024-07-02 19:59:17.908 INFO c.e.u.UniversityOfTabrizApplication uId:  --- Started UniversityOfTabrizApplication in 10.902 seconds (process running for 12.124)
2024-07-02 19:59:33.230 INFO c.e.u.C.LoginController uId: 100 --- Application Started.
2024-07-02 20:00:08.572 INFO c.e.u.UniversityOfTabrizApplication uId:  --- Starting UniversityOfTabrizApplication using Java 21.0.1 with PID 13856 (C:\Users\Hamed2\Desktop\UniversityOfTabriz\target\classes started by Hamed2 in C:\Users\Hamed2\Desktop\UniversityOfTabriz)
2024-07-02 20:00:08.574 INFO c.e.u.UniversityOfTabrizApplication uId:  --- No active profile set, falling back to 1 default profile: "default"
2024-07-02 20:00:18.208 INFO c.e.u.UniversityOfTabrizApplication uId:  --- Started UniversityOfTabrizApplication in 10.119 seconds (process running for 11.361)
2024-07-02 20:00:39.247 INFO c.e.u.C.LoginController uId: 100 --- Application Started.
2024-07-02 20:10:15.878 INFO c.e.u.UniversityOfTabrizApplication uId:  --- Starting UniversityOfTabrizApplication using Java 21.0.1 with PID 21344 (C:\Users\Hamed2\Desktop\UniversityOfTabriz\target\classes started by Hamed2 in C:\Users\Hamed2\Desktop\UniversityOfTabriz)
2024-07-02 20:10:15.879 INFO c.e.u.UniversityOfTabrizApplication uId:  --- No active profile set, falling back to 1 default profile: "default"
2024-07-02 20:10:27.683 INFO c.e.u.UniversityOfTabrizApplication uId:  --- Started UniversityOfTabrizApplication in 12.228 seconds (process running for 13.819)
2024-07-02 20:10:39.627 INFO c.e.u.C.LoginController uId: 100 --- Application Started.
2024-07-02 20:13:32.201 INFO c.e.u.UniversityOfTabrizApplication uId:  --- Starting UniversityOfTabrizApplication using Java 21.0.1 with PID 5916 (C:\Users\Hamed2\Desktop\UniversityOfTabriz\target\classes started by Hamed2 in C:\Users\Hamed2\Desktop\UniversityOfTabriz)
2024-07-02 20:13:32.203 INFO c.e.u.UniversityOfTabrizApplication uId:  --- No active profile set, falling back to 1 default profile: "default"
2024-07-02 20:13:45.430 INFO c.e.u.UniversityOfTabrizApplication uId:  --- Started UniversityOfTabrizApplication in 13.722 seconds (process running for 15.238)
2024-07-02 20:13:58.341 INFO c.e.u.C.LoginController uId: 100 --- Application Started.
2024-07-02 20:17:37.292 INFO c.e.u.UniversityOfTabrizApplication uId:  --- Starting UniversityOfTabrizApplication using Java 21.0.1 with PID 18780 (C:\Users\Hamed2\Desktop\UniversityOfTabriz\target\classes started by Hamed2 in C:\Users\Hamed2\Desktop\UniversityOfTabriz)
2024-07-02 20:17:37.294 INFO c.e.u.UniversityOfTabrizApplication uId:  --- No active profile set, falling back to 1 default profile: "default"
2024-07-02 20:17:49.655 INFO c.e.u.UniversityOfTabrizApplication uId:  --- Started UniversityOfTabrizApplication in 12.935 seconds (process running for 14.38)
2024-07-02 20:18:56.546 INFO c.e.u.C.LoginController uId: 100 --- Application Started.
2024-07-02 20:22:41.382 INFO c.e.u.C.LoginController uId: 101 --- Application Started.
2024-07-02 20:22:58.659 INFO c.e.u.UniversityOfTabrizApplication uId:  --- Starting UniversityOfTabrizApplication using Java 21.0.1 with PID 11760 (C:\Users\Hamed2\Desktop\UniversityOfTabriz\target\classes started by Hamed2 in C:\Users\Hamed2\Desktop\UniversityOfTabriz)
2024-07-02 20:22:58.661 INFO c.e.u.UniversityOfTabrizApplication uId:  --- No active profile set, falling back to 1 default profile: "default"
2024-07-02 20:23:07.632 INFO c.e.u.UniversityOfTabrizApplication uId:  --- Started UniversityOfTabrizApplication in 9.479 seconds (process running for 10.966)
2024-07-02 20:23:27.869 INFO c.e.u.C.LoginController uId: 100 --- Application Started.
2024-07-02 20:23:58.119 INFO c.e.u.UniversityOfTabrizApplication uId:  --- Starting UniversityOfTabrizApplication using Java 21.0.1 with PID 19480 (C:\Users\Hamed2\Desktop\UniversityOfTabriz\target\classes started by Hamed2 in C:\Users\Hamed2\Desktop\UniversityOfTabriz)
2024-07-02 20:23:58.121 INFO c.e.u.UniversityOfTabrizApplication uId:  --- No active profile set, falling back to 1 default profile: "default"
2024-07-02 20:24:08.956 INFO c.e.u.UniversityOfTabrizApplication uId:  --- Started UniversityOfTabrizApplication in 11.318 seconds (process running for 12.566)
2024-07-02 20:24:24.249 INFO c.e.u.C.LoginController uId: 100 --- Application Started.
2024-07-02 20:27:33.915 INFO c.e.u.UniversityOfTabrizApplication uId:  --- Starting UniversityOfTabrizApplication using Java 21.0.1 with PID 20080 (C:\Users\Hamed2\Desktop\UniversityOfTabriz\target\classes started by Hamed2 in C:\Users\Hamed2\Desktop\UniversityOfTabriz)
2024-07-02 20:27:33.917 INFO c.e.u.UniversityOfTabrizApplication uId:  --- No active profile set, falling back to 1 default profile: "default"
2024-07-02 20:27:45.573 INFO c.e.u.UniversityOfTabrizApplication uId:  --- Started UniversityOfTabrizApplication in 12.308 seconds (process running for 13.917)
2024-07-02 20:27:51.160 INFO c.e.u.UniversityOfTabrizApplication uId:  --- Starting UniversityOfTabrizApplication using Java 21.0.1 with PID 20024 (C:\Users\Hamed2\Desktop\UniversityOfTabriz\target\classes started by Hamed2 in C:\Users\Hamed2\Desktop\UniversityOfTabriz)
2024-07-02 20:27:51.162 INFO c.e.u.UniversityOfTabrizApplication uId:  --- No active profile set, falling back to 1 default profile: "default"
2024-07-02 20:28:01.069 INFO c.e.u.UniversityOfTabrizApplication uId:  --- Started UniversityOfTabrizApplication in 10.358 seconds (process running for 11.52)
2024-07-02 20:31:03.051 INFO c.e.u.C.LoginController uId: 100 --- Application Started.
2024-07-02 20:35:16.933 INFO c.e.u.UniversityOfTabrizApplication uId:  --- Starting UniversityOfTabrizApplication using Java 21.0.1 with PID 10888 (C:\Users\Hamed2\Desktop\UniversityOfTabriz\target\classes started by Hamed2 in C:\Users\Hamed2\Desktop\UniversityOfTabriz)
2024-07-02 20:35:16.935 INFO c.e.u.UniversityOfTabrizApplication uId:  --- No active profile set, falling back to 1 default profile: "default"
2024-07-02 20:35:29.426 INFO c.e.u.UniversityOfTabrizApplication uId:  --- Started UniversityOfTabrizApplication in 12.993 seconds (process running for 14.484)
2024-07-02 20:35:34.466 INFO c.e.u.C.LoginController uId: 100 --- Application Started.
2024-07-02 20:46:58.531 INFO c.e.u.UniversityOfTabrizApplication uId:  --- Starting UniversityOfTabrizApplication using Java 21.0.1 with PID 13960 (C:\Users\Hamed2\Desktop\UniversityOfTabriz\target\classes started by Hamed2 in C:\Users\Hamed2\Desktop\UniversityOfTabriz)
2024-07-02 20:46:58.534 INFO c.e.u.UniversityOfTabrizApplication uId:  --- No active profile set, falling back to 1 default profile: "default"
2024-07-02 20:47:11.898 INFO c.e.u.UniversityOfTabrizApplication uId:  --- Started UniversityOfTabrizApplication in 13.891 seconds (process running for 15.344)
2024-07-02 20:47:34.453 INFO c.e.u.C.LoginController uId: 100 --- Application Started.
2024-07-02 20:47:34.899 ERROR o.t.TemplateEngine uId:  --- [THYMELEAF][http-nio-8080-exec-1] Exception processing template "EmployeePanel": An error happened during template parsing (template: "class path resource [templates/EmployeePanel.html]")
org.thymeleaf.exceptions.TemplateInputException: An error happened during template parsing (template: "class path resource [templates/EmployeePanel.html]")
	at org.thymeleaf.templateparser.markup.AbstractMarkupTemplateParser.parse(AbstractMarkupTemplateParser.java:241)
	at org.thymeleaf.templateparser.markup.AbstractMarkupTemplateParser.parseStandalone(AbstractMarkupTemplateParser.java:100)
	at org.thymeleaf.engine.TemplateManager.parseAndProcess(TemplateManager.java:666)
	at org.thymeleaf.TemplateEngine.process(TemplateEngine.java:1103)
	at org.thymeleaf.TemplateEngine.process(TemplateEngine.java:1077)
	at org.thymeleaf.spring6.view.ThymeleafView.renderFragment(ThymeleafView.java:372)
	at org.thymeleaf.spring6.view.ThymeleafView.render(ThymeleafView.java:192)
	at org.springframework.web.servlet.DispatcherServlet.render(DispatcherServlet.java:1431)
	at org.springframework.web.servlet.DispatcherServlet.processDispatchResult(DispatcherServlet.java:1167)
	at org.springframework.web.servlet.DispatcherServlet.doDispatch(DispatcherServlet.java:1106)
	at org.springframework.web.servlet.DispatcherServlet.doService(DispatcherServlet.java:979)
	at org.springframework.web.servlet.FrameworkServlet.processRequest(FrameworkServlet.java:1014)
	at org.springframework.web.servlet.FrameworkServlet.doGet(FrameworkServlet.java:903)
	at jakarta.servlet.http.HttpServlet.service(HttpServlet.java:564)
	at org.springframework.web.servlet.FrameworkServlet.service(FrameworkServlet.java:885)
	at jakarta.servlet.http.HttpServlet.service(HttpServlet.java:658)
	at org.apache.catalina.core.ApplicationFilterChain.internalDoFilter(ApplicationFilterChain.java:195)
	at org.apache.catalina.core.ApplicationFilterChain.doFilter(ApplicationFilterChain.java:140)
	at org.apache.tomcat.websocket.server.WsFilter.doFilter(WsFilter.java:51)
	at org.apache.catalina.core.ApplicationFilterChain.internalDoFilter(ApplicationFilterChain.java:164)
	at org.apache.catalina.core.ApplicationFilterChain.doFilter(ApplicationFilterChain.java:140)
	at org.springframework.web.filter.RequestContextFilter.doFilterInternal(RequestContextFilter.java:100)
	at org.springframework.web.filter.OncePerRequestFilter.doFilter(OncePerRequestFilter.java:116)
	at org.apache.catalina.core.ApplicationFilterChain.internalDoFilter(ApplicationFilterChain.java:164)
	at org.apache.catalina.core.ApplicationFilterChain.doFilter(ApplicationFilterChain.java:140)
	at org.springframework.web.filter.FormContentFilter.doFilterInternal(FormContentFilter.java:93)
	at org.springframework.web.filter.OncePerRequestFilter.doFilter(OncePerRequestFilter.java:116)
	at org.apache.catalina.core.ApplicationFilterChain.internalDoFilter(ApplicationFilterChain.java:164)
	at org.apache.catalina.core.ApplicationFilterChain.doFilter(ApplicationFilterChain.java:140)
	at org.springframework.web.filter.CharacterEncodingFilter.doFilterInternal(CharacterEncodingFilter.java:201)
	at org.springframework.web.filter.OncePerRequestFilter.doFilter(OncePerRequestFilter.java:116)
	at org.apache.catalina.core.ApplicationFilterChain.internalDoFilter(ApplicationFilterChain.java:164)
	at org.apache.catalina.core.ApplicationFilterChain.doFilter(ApplicationFilterChain.java:140)
	at org.apache.catalina.core.StandardWrapperValve.invoke(StandardWrapperValve.java:167)
	at org.apache.catalina.core.StandardContextValve.invoke(StandardContextValve.java:90)
	at org.apache.catalina.authenticator.AuthenticatorBase.invoke(AuthenticatorBase.java:482)
	at org.apache.catalina.core.StandardHostValve.invoke(StandardHostValve.java:115)
	at org.apache.catalina.valves.ErrorReportValve.invoke(ErrorReportValve.java:93)
	at org.apache.catalina.core.StandardEngineValve.invoke(StandardEngineValve.java:74)
	at org.apache.catalina.connector.CoyoteAdapter.service(CoyoteAdapter.java:344)
	at org.apache.coyote.http11.Http11Processor.service(Http11Processor.java:389)
	at org.apache.coyote.AbstractProcessorLight.process(AbstractProcessorLight.java:63)
	at org.apache.coyote.AbstractProtocol$ConnectionHandler.process(AbstractProtocol.java:896)
	at org.apache.tomcat.util.net.NioEndpoint$SocketProcessor.doRun(NioEndpoint.java:1741)
	at org.apache.tomcat.util.net.SocketProcessorBase.run(SocketProcessorBase.java:52)
	at org.apache.tomcat.util.threads.ThreadPoolExecutor.runWorker(ThreadPoolExecutor.java:1190)
	at org.apache.tomcat.util.threads.ThreadPoolExecutor$Worker.run(ThreadPoolExecutor.java:659)
	at org.apache.tomcat.util.threads.TaskThread$WrappingRunnable.run(TaskThread.java:63)
	at java.base/java.lang.Thread.run(Thread.java:1583)
Caused by: org.attoparser.ParseException: Could not parse as expression: "" (template: "EmployeePanel" - line 72, col 10)
	at org.attoparser.MarkupParser.parseDocument(MarkupParser.java:393)
	at org.attoparser.MarkupParser.parse(MarkupParser.java:257)
	at org.thymeleaf.templateparser.markup.AbstractMarkupTemplateParser.parse(AbstractMarkupTemplateParser.java:230)
	... 48 common frames omitted
Caused by: org.thymeleaf.exceptions.TemplateProcessingException: Could not parse as expression: "" (template: "EmployeePanel" - line 72, col 10)
	at org.thymeleaf.standard.expression.StandardExpressionParser.parseExpression(StandardExpressionParser.java:131)
	at org.thymeleaf.standard.expression.StandardExpressionParser.parseExpression(StandardExpressionParser.java:62)
	at org.thymeleaf.standard.expression.StandardExpressionParser.parseExpression(StandardExpressionParser.java:44)
	at org.thymeleaf.engine.EngineEventUtils.parseAttributeExpression(EngineEventUtils.java:220)
	at org.thymeleaf.engine.EngineEventUtils.computeAttributeExpression(EngineEventUtils.java:207)
	at org.thymeleaf.standard.processor.AbstractStandardExpressionAttributeTagProcessor.doProcess(AbstractStandardExpressionAttributeTagProcessor.java:125)
	at org.thymeleaf.processor.element.AbstractAttributeTagProcessor.doProcess(AbstractAttributeTagProcessor.java:74)
	at org.thymeleaf.processor.element.AbstractElementTagProcessor.process(AbstractElementTagProcessor.java:95)
	at org.thymeleaf.util.ProcessorConfigurationUtils$ElementTagProcessorWrapper.process(ProcessorConfigurationUtils.java:633)
	at org.thymeleaf.engine.ProcessorTemplateHandler.handleStandaloneElement(ProcessorTemplateHandler.java:918)
	at org.thymeleaf.engine.TemplateHandlerAdapterMarkupHandler.handleStandaloneElementEnd(TemplateHandlerAdapterMarkupHandler.java:260)
	at org.thymeleaf.templateparser.markup.InlinedOutputExpressionMarkupHandler$InlineMarkupAdapterPreProcessorHandler.handleStandaloneElementEnd(InlinedOutputExpressionMarkupHandler.java:256)
	at org.thymeleaf.standard.inline.OutputExpressionInlinePreProcessorHandler.handleStandaloneElementEnd(OutputExpressionInlinePreProcessorHandler.java:169)
	at org.thymeleaf.templateparser.markup.InlinedOutputExpressionMarkupHandler.handleStandaloneElementEnd(InlinedOutputExpressionMarkupHandler.java:104)
	at org.attoparser.HtmlVoidElement.handleOpenElementEnd(HtmlVoidElement.java:92)
	at org.attoparser.HtmlMarkupHandler.handleOpenElementEnd(HtmlMarkupHandler.java:297)
	at org.attoparser.MarkupEventProcessorHandler.handleOpenElementEnd(MarkupEventProcessorHandler.java:402)
	at org.attoparser.ParsingElementMarkupUtil.parseOpenElement(ParsingElementMarkupUtil.java:159)
	at org.attoparser.MarkupParser.parseBuffer(MarkupParser.java:710)
	at org.attoparser.MarkupParser.parseDocument(MarkupParser.java:301)
	... 50 common frames omitted
2024-07-02 20:47:34.920 ERROR o.a.c.c.C.[.[.[.[dispatcherServlet] uId:  --- Servlet.service() for servlet [dispatcherServlet] in context with path [] threw exception [Request processing failed: org.thymeleaf.exceptions.TemplateInputException: An error happened during template parsing (template: "class path resource [templates/EmployeePanel.html]")] with root cause
org.thymeleaf.exceptions.TemplateProcessingException: Could not parse as expression: "" (template: "EmployeePanel" - line 72, col 10)
	at org.thymeleaf.standard.expression.StandardExpressionParser.parseExpression(StandardExpressionParser.java:131)
	at org.thymeleaf.standard.expression.StandardExpressionParser.parseExpression(StandardExpressionParser.java:62)
	at org.thymeleaf.standard.expression.StandardExpressionParser.parseExpression(StandardExpressionParser.java:44)
	at org.thymeleaf.engine.EngineEventUtils.parseAttributeExpression(EngineEventUtils.java:220)
	at org.thymeleaf.engine.EngineEventUtils.computeAttributeExpression(EngineEventUtils.java:207)
	at org.thymeleaf.standard.processor.AbstractStandardExpressionAttributeTagProcessor.doProcess(AbstractStandardExpressionAttributeTagProcessor.java:125)
	at org.thymeleaf.processor.element.AbstractAttributeTagProcessor.doProcess(AbstractAttributeTagProcessor.java:74)
	at org.thymeleaf.processor.element.AbstractElementTagProcessor.process(AbstractElementTagProcessor.java:95)
	at org.thymeleaf.util.ProcessorConfigurationUtils$ElementTagProcessorWrapper.process(ProcessorConfigurationUtils.java:633)
	at org.thymeleaf.engine.ProcessorTemplateHandler.handleStandaloneElement(ProcessorTemplateHandler.java:918)
	at org.thymeleaf.engine.TemplateHandlerAdapterMarkupHandler.handleStandaloneElementEnd(TemplateHandlerAdapterMarkupHandler.java:260)
	at org.thymeleaf.templateparser.markup.InlinedOutputExpressionMarkupHandler$InlineMarkupAdapterPreProcessorHandler.handleStandaloneElementEnd(InlinedOutputExpressionMarkupHandler.java:256)
	at org.thymeleaf.standard.inline.OutputExpressionInlinePreProcessorHandler.handleStandaloneElementEnd(OutputExpressionInlinePreProcessorHandler.java:169)
	at org.thymeleaf.templateparser.markup.InlinedOutputExpressionMarkupHandler.handleStandaloneElementEnd(InlinedOutputExpressionMarkupHandler.java:104)
	at org.attoparser.HtmlVoidElement.handleOpenElementEnd(HtmlVoidElement.java:92)
	at org.attoparser.HtmlMarkupHandler.handleOpenElementEnd(HtmlMarkupHandler.java:297)
	at org.attoparser.MarkupEventProcessorHandler.handleOpenElementEnd(MarkupEventProcessorHandler.java:402)
	at org.attoparser.ParsingElementMarkupUtil.parseOpenElement(ParsingElementMarkupUtil.java:159)
	at org.attoparser.MarkupParser.parseBuffer(MarkupParser.java:710)
	at org.attoparser.MarkupParser.parseDocument(MarkupParser.java:301)
	at org.attoparser.MarkupParser.parse(MarkupParser.java:257)
	at org.thymeleaf.templateparser.markup.AbstractMarkupTemplateParser.parse(AbstractMarkupTemplateParser.java:230)
	at org.thymeleaf.templateparser.markup.AbstractMarkupTemplateParser.parseStandalone(AbstractMarkupTemplateParser.java:100)
	at org.thymeleaf.engine.TemplateManager.parseAndProcess(TemplateManager.java:666)
	at org.thymeleaf.TemplateEngine.process(TemplateEngine.java:1103)
	at org.thymeleaf.TemplateEngine.process(TemplateEngine.java:1077)
	at org.thymeleaf.spring6.view.ThymeleafView.renderFragment(ThymeleafView.java:372)
	at org.thymeleaf.spring6.view.ThymeleafView.render(ThymeleafView.java:192)
	at org.springframework.web.servlet.DispatcherServlet.render(DispatcherServlet.java:1431)
	at org.springframework.web.servlet.DispatcherServlet.processDispatchResult(DispatcherServlet.java:1167)
	at org.springframework.web.servlet.DispatcherServlet.doDispatch(DispatcherServlet.java:1106)
	at org.springframework.web.servlet.DispatcherServlet.doService(DispatcherServlet.java:979)
	at org.springframework.web.servlet.FrameworkServlet.processRequest(FrameworkServlet.java:1014)
	at org.springframework.web.servlet.FrameworkServlet.doGet(FrameworkServlet.java:903)
	at jakarta.servlet.http.HttpServlet.service(HttpServlet.java:564)
	at org.springframework.web.servlet.FrameworkServlet.service(FrameworkServlet.java:885)
	at jakarta.servlet.http.HttpServlet.service(HttpServlet.java:658)
	at org.apache.catalina.core.ApplicationFilterChain.internalDoFilter(ApplicationFilterChain.java:195)
	at org.apache.catalina.core.ApplicationFilterChain.doFilter(ApplicationFilterChain.java:140)
	at org.apache.tomcat.websocket.server.WsFilter.doFilter(WsFilter.java:51)
	at org.apache.catalina.core.ApplicationFilterChain.internalDoFilter(ApplicationFilterChain.java:164)
	at org.apache.catalina.core.ApplicationFilterChain.doFilter(ApplicationFilterChain.java:140)
	at org.springframework.web.filter.RequestContextFilter.doFilterInternal(RequestContextFilter.java:100)
	at org.springframework.web.filter.OncePerRequestFilter.doFilter(OncePerRequestFilter.java:116)
	at org.apache.catalina.core.ApplicationFilterChain.internalDoFilter(ApplicationFilterChain.java:164)
	at org.apache.catalina.core.ApplicationFilterChain.doFilter(ApplicationFilterChain.java:140)
	at org.springframework.web.filter.FormContentFilter.doFilterInternal(FormContentFilter.java:93)
	at org.springframework.web.filter.OncePerRequestFilter.doFilter(OncePerRequestFilter.java:116)
	at org.apache.catalina.core.ApplicationFilterChain.internalDoFilter(ApplicationFilterChain.java:164)
	at org.apache.catalina.core.ApplicationFilterChain.doFilter(ApplicationFilterChain.java:140)
	at org.springframework.web.filter.CharacterEncodingFilter.doFilterInternal(CharacterEncodingFilter.java:201)
	at org.springframework.web.filter.OncePerRequestFilter.doFilter(OncePerRequestFilter.java:116)
	at org.apache.catalina.core.ApplicationFilterChain.internalDoFilter(ApplicationFilterChain.java:164)
	at org.apache.catalina.core.ApplicationFilterChain.doFilter(ApplicationFilterChain.java:140)
	at org.apache.catalina.core.StandardWrapperValve.invoke(StandardWrapperValve.java:167)
	at org.apache.catalina.core.StandardContextValve.invoke(StandardContextValve.java:90)
	at org.apache.catalina.authenticator.AuthenticatorBase.invoke(AuthenticatorBase.java:482)
	at org.apache.catalina.core.StandardHostValve.invoke(StandardHostValve.java:115)
	at org.apache.catalina.valves.ErrorReportValve.invoke(ErrorReportValve.java:93)
	at org.apache.catalina.core.StandardEngineValve.invoke(StandardEngineValve.java:74)
	at org.apache.catalina.connector.CoyoteAdapter.service(CoyoteAdapter.java:344)
	at org.apache.coyote.http11.Http11Processor.service(Http11Processor.java:389)
	at org.apache.coyote.AbstractProcessorLight.process(AbstractProcessorLight.java:63)
	at org.apache.coyote.AbstractProtocol$ConnectionHandler.process(AbstractProtocol.java:896)
	at org.apache.tomcat.util.net.NioEndpoint$SocketProcessor.doRun(NioEndpoint.java:1741)
	at org.apache.tomcat.util.net.SocketProcessorBase.run(SocketProcessorBase.java:52)
	at org.apache.tomcat.util.threads.ThreadPoolExecutor.runWorker(ThreadPoolExecutor.java:1190)
	at org.apache.tomcat.util.threads.ThreadPoolExecutor$Worker.run(ThreadPoolExecutor.java:659)
	at org.apache.tomcat.util.threads.TaskThread$WrappingRunnable.run(TaskThread.java:63)
	at java.base/java.lang.Thread.run(Thread.java:1583)
2024-07-02 20:47:44.283 INFO c.e.u.C.LoginController uId: 101 --- Application Started.
2024-07-02 20:47:44.290 ERROR o.t.TemplateEngine uId:  --- [THYMELEAF][http-nio-8080-exec-2] Exception processing template "EmployeePanel": An error happened during template parsing (template: "class path resource [templates/EmployeePanel.html]")
org.thymeleaf.exceptions.TemplateInputException: An error happened during template parsing (template: "class path resource [templates/EmployeePanel.html]")
	at org.thymeleaf.templateparser.markup.AbstractMarkupTemplateParser.parse(AbstractMarkupTemplateParser.java:241)
	at org.thymeleaf.templateparser.markup.AbstractMarkupTemplateParser.parseStandalone(AbstractMarkupTemplateParser.java:100)
	at org.thymeleaf.engine.TemplateManager.parseAndProcess(TemplateManager.java:666)
	at org.thymeleaf.TemplateEngine.process(TemplateEngine.java:1103)
	at org.thymeleaf.TemplateEngine.process(TemplateEngine.java:1077)
	at org.thymeleaf.spring6.view.ThymeleafView.renderFragment(ThymeleafView.java:372)
	at org.thymeleaf.spring6.view.ThymeleafView.render(ThymeleafView.java:192)
	at org.springframework.web.servlet.DispatcherServlet.render(DispatcherServlet.java:1431)
	at org.springframework.web.servlet.DispatcherServlet.processDispatchResult(DispatcherServlet.java:1167)
	at org.springframework.web.servlet.DispatcherServlet.doDispatch(DispatcherServlet.java:1106)
	at org.springframework.web.servlet.DispatcherServlet.doService(DispatcherServlet.java:979)
	at org.springframework.web.servlet.FrameworkServlet.processRequest(FrameworkServlet.java:1014)
	at org.springframework.web.servlet.FrameworkServlet.doGet(FrameworkServlet.java:903)
	at jakarta.servlet.http.HttpServlet.service(HttpServlet.java:564)
	at org.springframework.web.servlet.FrameworkServlet.service(FrameworkServlet.java:885)
	at jakarta.servlet.http.HttpServlet.service(HttpServlet.java:658)
	at org.apache.catalina.core.ApplicationFilterChain.internalDoFilter(ApplicationFilterChain.java:195)
	at org.apache.catalina.core.ApplicationFilterChain.doFilter(ApplicationFilterChain.java:140)
	at org.apache.tomcat.websocket.server.WsFilter.doFilter(WsFilter.java:51)
	at org.apache.catalina.core.ApplicationFilterChain.internalDoFilter(ApplicationFilterChain.java:164)
	at org.apache.catalina.core.ApplicationFilterChain.doFilter(ApplicationFilterChain.java:140)
	at org.springframework.web.filter.RequestContextFilter.doFilterInternal(RequestContextFilter.java:100)
	at org.springframework.web.filter.OncePerRequestFilter.doFilter(OncePerRequestFilter.java:116)
	at org.apache.catalina.core.ApplicationFilterChain.internalDoFilter(ApplicationFilterChain.java:164)
	at org.apache.catalina.core.ApplicationFilterChain.doFilter(ApplicationFilterChain.java:140)
	at org.springframework.web.filter.FormContentFilter.doFilterInternal(FormContentFilter.java:93)
	at org.springframework.web.filter.OncePerRequestFilter.doFilter(OncePerRequestFilter.java:116)
	at org.apache.catalina.core.ApplicationFilterChain.internalDoFilter(ApplicationFilterChain.java:164)
	at org.apache.catalina.core.ApplicationFilterChain.doFilter(ApplicationFilterChain.java:140)
	at org.springframework.web.filter.CharacterEncodingFilter.doFilterInternal(CharacterEncodingFilter.java:201)
	at org.springframework.web.filter.OncePerRequestFilter.doFilter(OncePerRequestFilter.java:116)
	at org.apache.catalina.core.ApplicationFilterChain.internalDoFilter(ApplicationFilterChain.java:164)
	at org.apache.catalina.core.ApplicationFilterChain.doFilter(ApplicationFilterChain.java:140)
	at org.apache.catalina.core.StandardWrapperValve.invoke(StandardWrapperValve.java:167)
	at org.apache.catalina.core.StandardContextValve.invoke(StandardContextValve.java:90)
	at org.apache.catalina.authenticator.AuthenticatorBase.invoke(AuthenticatorBase.java:482)
	at org.apache.catalina.core.StandardHostValve.invoke(StandardHostValve.java:115)
	at org.apache.catalina.valves.ErrorReportValve.invoke(ErrorReportValve.java:93)
	at org.apache.catalina.core.StandardEngineValve.invoke(StandardEngineValve.java:74)
	at org.apache.catalina.connector.CoyoteAdapter.service(CoyoteAdapter.java:344)
	at org.apache.coyote.http11.Http11Processor.service(Http11Processor.java:389)
	at org.apache.coyote.AbstractProcessorLight.process(AbstractProcessorLight.java:63)
	at org.apache.coyote.AbstractProtocol$ConnectionHandler.process(AbstractProtocol.java:896)
	at org.apache.tomcat.util.net.NioEndpoint$SocketProcessor.doRun(NioEndpoint.java:1741)
	at org.apache.tomcat.util.net.SocketProcessorBase.run(SocketProcessorBase.java:52)
	at org.apache.tomcat.util.threads.ThreadPoolExecutor.runWorker(ThreadPoolExecutor.java:1190)
	at org.apache.tomcat.util.threads.ThreadPoolExecutor$Worker.run(ThreadPoolExecutor.java:659)
	at org.apache.tomcat.util.threads.TaskThread$WrappingRunnable.run(TaskThread.java:63)
	at java.base/java.lang.Thread.run(Thread.java:1583)
Caused by: org.attoparser.ParseException: Could not parse as expression: "" (template: "EmployeePanel" - line 72, col 10)
	at org.attoparser.MarkupParser.parseDocument(MarkupParser.java:393)
	at org.attoparser.MarkupParser.parse(MarkupParser.java:257)
	at org.thymeleaf.templateparser.markup.AbstractMarkupTemplateParser.parse(AbstractMarkupTemplateParser.java:230)
	... 48 common frames omitted
Caused by: org.thymeleaf.exceptions.TemplateProcessingException: Could not parse as expression: "" (template: "EmployeePanel" - line 72, col 10)
	at org.thymeleaf.standard.expression.StandardExpressionParser.parseExpression(StandardExpressionParser.java:131)
	at org.thymeleaf.standard.expression.StandardExpressionParser.parseExpression(StandardExpressionParser.java:62)
	at org.thymeleaf.standard.expression.StandardExpressionParser.parseExpression(StandardExpressionParser.java:44)
	at org.thymeleaf.engine.EngineEventUtils.parseAttributeExpression(EngineEventUtils.java:220)
	at org.thymeleaf.engine.EngineEventUtils.computeAttributeExpression(EngineEventUtils.java:207)
	at org.thymeleaf.standard.processor.AbstractStandardExpressionAttributeTagProcessor.doProcess(AbstractStandardExpressionAttributeTagProcessor.java:125)
	at org.thymeleaf.processor.element.AbstractAttributeTagProcessor.doProcess(AbstractAttributeTagProcessor.java:74)
	at org.thymeleaf.processor.element.AbstractElementTagProcessor.process(AbstractElementTagProcessor.java:95)
	at org.thymeleaf.util.ProcessorConfigurationUtils$ElementTagProcessorWrapper.process(ProcessorConfigurationUtils.java:633)
	at org.thymeleaf.engine.ProcessorTemplateHandler.handleStandaloneElement(ProcessorTemplateHandler.java:918)
	at org.thymeleaf.engine.TemplateHandlerAdapterMarkupHandler.handleStandaloneElementEnd(TemplateHandlerAdapterMarkupHandler.java:260)
	at org.thymeleaf.templateparser.markup.InlinedOutputExpressionMarkupHandler$InlineMarkupAdapterPreProcessorHandler.handleStandaloneElementEnd(InlinedOutputExpressionMarkupHandler.java:256)
	at org.thymeleaf.standard.inline.OutputExpressionInlinePreProcessorHandler.handleStandaloneElementEnd(OutputExpressionInlinePreProcessorHandler.java:169)
	at org.thymeleaf.templateparser.markup.InlinedOutputExpressionMarkupHandler.handleStandaloneElementEnd(InlinedOutputExpressionMarkupHandler.java:104)
	at org.attoparser.HtmlVoidElement.handleOpenElementEnd(HtmlVoidElement.java:92)
	at org.attoparser.HtmlMarkupHandler.handleOpenElementEnd(HtmlMarkupHandler.java:297)
	at org.attoparser.MarkupEventProcessorHandler.handleOpenElementEnd(MarkupEventProcessorHandler.java:402)
	at org.attoparser.ParsingElementMarkupUtil.parseOpenElement(ParsingElementMarkupUtil.java:159)
	at org.attoparser.MarkupParser.parseBuffer(MarkupParser.java:710)
	at org.attoparser.MarkupParser.parseDocument(MarkupParser.java:301)
	... 50 common frames omitted
2024-07-02 20:47:44.290 ERROR o.a.c.c.C.[.[.[.[dispatcherServlet] uId:  --- Servlet.service() for servlet [dispatcherServlet] in context with path [] threw exception [Request processing failed: org.thymeleaf.exceptions.TemplateInputException: An error happened during template parsing (template: "class path resource [templates/EmployeePanel.html]")] with root cause
org.thymeleaf.exceptions.TemplateProcessingException: Could not parse as expression: "" (template: "EmployeePanel" - line 72, col 10)
	at org.thymeleaf.standard.expression.StandardExpressionParser.parseExpression(StandardExpressionParser.java:131)
	at org.thymeleaf.standard.expression.StandardExpressionParser.parseExpression(StandardExpressionParser.java:62)
	at org.thymeleaf.standard.expression.StandardExpressionParser.parseExpression(StandardExpressionParser.java:44)
	at org.thymeleaf.engine.EngineEventUtils.parseAttributeExpression(EngineEventUtils.java:220)
	at org.thymeleaf.engine.EngineEventUtils.computeAttributeExpression(EngineEventUtils.java:207)
	at org.thymeleaf.standard.processor.AbstractStandardExpressionAttributeTagProcessor.doProcess(AbstractStandardExpressionAttributeTagProcessor.java:125)
	at org.thymeleaf.processor.element.AbstractAttributeTagProcessor.doProcess(AbstractAttributeTagProcessor.java:74)
	at org.thymeleaf.processor.element.AbstractElementTagProcessor.process(AbstractElementTagProcessor.java:95)
	at org.thymeleaf.util.ProcessorConfigurationUtils$ElementTagProcessorWrapper.process(ProcessorConfigurationUtils.java:633)
	at org.thymeleaf.engine.ProcessorTemplateHandler.handleStandaloneElement(ProcessorTemplateHandler.java:918)
	at org.thymeleaf.engine.TemplateHandlerAdapterMarkupHandler.handleStandaloneElementEnd(TemplateHandlerAdapterMarkupHandler.java:260)
	at org.thymeleaf.templateparser.markup.InlinedOutputExpressionMarkupHandler$InlineMarkupAdapterPreProcessorHandler.handleStandaloneElementEnd(InlinedOutputExpressionMarkupHandler.java:256)
	at org.thymeleaf.standard.inline.OutputExpressionInlinePreProcessorHandler.handleStandaloneElementEnd(OutputExpressionInlinePreProcessorHandler.java:169)
	at org.thymeleaf.templateparser.markup.InlinedOutputExpressionMarkupHandler.handleStandaloneElementEnd(InlinedOutputExpressionMarkupHandler.java:104)
	at org.attoparser.HtmlVoidElement.handleOpenElementEnd(HtmlVoidElement.java:92)
	at org.attoparser.HtmlMarkupHandler.handleOpenElementEnd(HtmlMarkupHandler.java:297)
	at org.attoparser.MarkupEventProcessorHandler.handleOpenElementEnd(MarkupEventProcessorHandler.java:402)
	at org.attoparser.ParsingElementMarkupUtil.parseOpenElement(ParsingElementMarkupUtil.java:159)
	at org.attoparser.MarkupParser.parseBuffer(MarkupParser.java:710)
	at org.attoparser.MarkupParser.parseDocument(MarkupParser.java:301)
	at org.attoparser.MarkupParser.parse(MarkupParser.java:257)
	at org.thymeleaf.templateparser.markup.AbstractMarkupTemplateParser.parse(AbstractMarkupTemplateParser.java:230)
	at org.thymeleaf.templateparser.markup.AbstractMarkupTemplateParser.parseStandalone(AbstractMarkupTemplateParser.java:100)
	at org.thymeleaf.engine.TemplateManager.parseAndProcess(TemplateManager.java:666)
	at org.thymeleaf.TemplateEngine.process(TemplateEngine.java:1103)
	at org.thymeleaf.TemplateEngine.process(TemplateEngine.java:1077)
	at org.thymeleaf.spring6.view.ThymeleafView.renderFragment(ThymeleafView.java:372)
	at org.thymeleaf.spring6.view.ThymeleafView.render(ThymeleafView.java:192)
	at org.springframework.web.servlet.DispatcherServlet.render(DispatcherServlet.java:1431)
	at org.springframework.web.servlet.DispatcherServlet.processDispatchResult(DispatcherServlet.java:1167)
	at org.springframework.web.servlet.DispatcherServlet.doDispatch(DispatcherServlet.java:1106)
	at org.springframework.web.servlet.DispatcherServlet.doService(DispatcherServlet.java:979)
	at org.springframework.web.servlet.FrameworkServlet.processRequest(FrameworkServlet.java:1014)
	at org.springframework.web.servlet.FrameworkServlet.doGet(FrameworkServlet.java:903)
	at jakarta.servlet.http.HttpServlet.service(HttpServlet.java:564)
	at org.springframework.web.servlet.FrameworkServlet.service(FrameworkServlet.java:885)
	at jakarta.servlet.http.HttpServlet.service(HttpServlet.java:658)
	at org.apache.catalina.core.ApplicationFilterChain.internalDoFilter(ApplicationFilterChain.java:195)
	at org.apache.catalina.core.ApplicationFilterChain.doFilter(ApplicationFilterChain.java:140)
	at org.apache.tomcat.websocket.server.WsFilter.doFilter(WsFilter.java:51)
	at org.apache.catalina.core.ApplicationFilterChain.internalDoFilter(ApplicationFilterChain.java:164)
	at org.apache.catalina.core.ApplicationFilterChain.doFilter(ApplicationFilterChain.java:140)
	at org.springframework.web.filter.RequestContextFilter.doFilterInternal(RequestContextFilter.java:100)
	at org.springframework.web.filter.OncePerRequestFilter.doFilter(OncePerRequestFilter.java:116)
	at org.apache.catalina.core.ApplicationFilterChain.internalDoFilter(ApplicationFilterChain.java:164)
	at org.apache.catalina.core.ApplicationFilterChain.doFilter(ApplicationFilterChain.java:140)
	at org.springframework.web.filter.FormContentFilter.doFilterInternal(FormContentFilter.java:93)
	at org.springframework.web.filter.OncePerRequestFilter.doFilter(OncePerRequestFilter.java:116)
	at org.apache.catalina.core.ApplicationFilterChain.internalDoFilter(ApplicationFilterChain.java:164)
	at org.apache.catalina.core.ApplicationFilterChain.doFilter(ApplicationFilterChain.java:140)
	at org.springframework.web.filter.CharacterEncodingFilter.doFilterInternal(CharacterEncodingFilter.java:201)
	at org.springframework.web.filter.OncePerRequestFilter.doFilter(OncePerRequestFilter.java:116)
	at org.apache.catalina.core.ApplicationFilterChain.internalDoFilter(ApplicationFilterChain.java:164)
	at org.apache.catalina.core.ApplicationFilterChain.doFilter(ApplicationFilterChain.java:140)
	at org.apache.catalina.core.StandardWrapperValve.invoke(StandardWrapperValve.java:167)
	at org.apache.catalina.core.StandardContextValve.invoke(StandardContextValve.java:90)
	at org.apache.catalina.authenticator.AuthenticatorBase.invoke(AuthenticatorBase.java:482)
	at org.apache.catalina.core.StandardHostValve.invoke(StandardHostValve.java:115)
	at org.apache.catalina.valves.ErrorReportValve.invoke(ErrorReportValve.java:93)
	at org.apache.catalina.core.StandardEngineValve.invoke(StandardEngineValve.java:74)
	at org.apache.catalina.connector.CoyoteAdapter.service(CoyoteAdapter.java:344)
	at org.apache.coyote.http11.Http11Processor.service(Http11Processor.java:389)
	at org.apache.coyote.AbstractProcessorLight.process(AbstractProcessorLight.java:63)
	at org.apache.coyote.AbstractProtocol$ConnectionHandler.process(AbstractProtocol.java:896)
	at org.apache.tomcat.util.net.NioEndpoint$SocketProcessor.doRun(NioEndpoint.java:1741)
	at org.apache.tomcat.util.net.SocketProcessorBase.run(SocketProcessorBase.java:52)
	at org.apache.tomcat.util.threads.ThreadPoolExecutor.runWorker(ThreadPoolExecutor.java:1190)
	at org.apache.tomcat.util.threads.ThreadPoolExecutor$Worker.run(ThreadPoolExecutor.java:659)
	at org.apache.tomcat.util.threads.TaskThread$WrappingRunnable.run(TaskThread.java:63)
	at java.base/java.lang.Thread.run(Thread.java:1583)
2024-07-02 20:48:37.648 INFO c.e.u.UniversityOfTabrizApplication uId:  --- Starting UniversityOfTabrizApplication using Java 21.0.1 with PID 6228 (C:\Users\Hamed2\Desktop\UniversityOfTabriz\target\classes started by Hamed2 in C:\Users\Hamed2\Desktop\UniversityOfTabriz)
2024-07-02 20:48:37.650 INFO c.e.u.UniversityOfTabrizApplication uId:  --- No active profile set, falling back to 1 default profile: "default"
2024-07-02 20:48:48.567 INFO c.e.u.UniversityOfTabrizApplication uId:  --- Started UniversityOfTabrizApplication in 11.527 seconds (process running for 12.981)
2024-07-02 20:49:05.443 INFO c.e.u.UniversityOfTabrizApplication uId:  --- Starting UniversityOfTabrizApplication using Java 21.0.1 with PID 12832 (C:\Users\Hamed2\Desktop\UniversityOfTabriz\target\classes started by Hamed2 in C:\Users\Hamed2\Desktop\UniversityOfTabriz)
2024-07-02 20:49:05.445 INFO c.e.u.UniversityOfTabrizApplication uId:  --- No active profile set, falling back to 1 default profile: "default"
2024-07-02 20:49:15.852 INFO c.e.u.UniversityOfTabrizApplication uId:  --- Started UniversityOfTabrizApplication in 11.001 seconds (process running for 12.375)
2024-07-02 20:49:44.439 INFO c.e.u.C.LoginController uId: 100 --- Application Started.
2024-07-02 20:50:29.503 INFO c.e.u.UniversityOfTabrizApplication uId:  --- Starting UniversityOfTabrizApplication using Java 21.0.1 with PID 15224 (C:\Users\Hamed2\Desktop\UniversityOfTabriz\target\classes started by Hamed2 in C:\Users\Hamed2\Desktop\UniversityOfTabriz)
2024-07-02 20:50:29.505 INFO c.e.u.UniversityOfTabrizApplication uId:  --- No active profile set, falling back to 1 default profile: "default"
2024-07-02 20:50:40.843 INFO c.e.u.UniversityOfTabrizApplication uId:  --- Started UniversityOfTabrizApplication in 11.836 seconds (process running for 13.424)
2024-07-02 20:50:44.765 INFO c.e.u.UniversityOfTabrizApplication uId:  --- Starting UniversityOfTabrizApplication using Java 21.0.1 with PID 7716 (C:\Users\Hamed2\Desktop\UniversityOfTabriz\target\classes started by Hamed2 in C:\Users\Hamed2\Desktop\UniversityOfTabriz)
2024-07-02 20:50:44.767 INFO c.e.u.UniversityOfTabrizApplication uId:  --- No active profile set, falling back to 1 default profile: "default"
2024-07-02 20:50:53.203 INFO c.e.u.UniversityOfTabrizApplication uId:  --- Started UniversityOfTabrizApplication in 9.017 seconds (process running for 10.416)
2024-07-02 20:52:05.832 INFO c.e.u.C.LoginController uId: 100 --- Application Started.
2024-07-02 20:53:48.652 INFO c.e.u.UniversityOfTabrizApplication uId:  --- Starting UniversityOfTabrizApplication using Java 21.0.1 with PID 17568 (C:\Users\Hamed2\Desktop\UniversityOfTabriz\target\classes started by Hamed2 in C:\Users\Hamed2\Desktop\UniversityOfTabriz)
2024-07-02 20:53:48.655 INFO c.e.u.UniversityOfTabrizApplication uId:  --- No active profile set, falling back to 1 default profile: "default"
2024-07-02 20:54:03.711 INFO c.e.u.UniversityOfTabrizApplication uId:  --- Started UniversityOfTabrizApplication in 15.667 seconds (process running for 17.452)
2024-07-02 20:54:48.222 INFO c.e.u.C.LoginController uId: 100 --- Application Started.
2024-07-02 20:55:25.353 INFO c.e.u.UniversityOfTabrizApplication uId:  --- Starting UniversityOfTabrizApplication using Java 21.0.1 with PID 22644 (C:\Users\Hamed2\Desktop\UniversityOfTabriz\target\classes started by Hamed2 in C:\Users\Hamed2\Desktop\UniversityOfTabriz)
2024-07-02 20:55:25.355 INFO c.e.u.UniversityOfTabrizApplication uId:  --- No active profile set, falling back to 1 default profile: "default"
2024-07-02 20:55:34.335 INFO c.e.u.UniversityOfTabrizApplication uId:  --- Started UniversityOfTabrizApplication in 9.523 seconds (process running for 10.671)
2024-07-02 20:55:51.883 INFO c.e.u.C.LoginController uId: 100 --- Application Started.
2024-07-02 20:55:52.390 ERROR o.t.TemplateEngine uId:  --- [THYMELEAF][http-nio-8080-exec-9] Exception processing template "EmployeePanel": An error happened during template parsing (template: "class path resource [templates/EmployeePanel.html]")
org.thymeleaf.exceptions.TemplateInputException: An error happened during template parsing (template: "class path resource [templates/EmployeePanel.html]")
	at org.thymeleaf.templateparser.markup.AbstractMarkupTemplateParser.parse(AbstractMarkupTemplateParser.java:241)
	at org.thymeleaf.templateparser.markup.AbstractMarkupTemplateParser.parseStandalone(AbstractMarkupTemplateParser.java:100)
	at org.thymeleaf.engine.TemplateManager.parseAndProcess(TemplateManager.java:666)
	at org.thymeleaf.TemplateEngine.process(TemplateEngine.java:1103)
	at org.thymeleaf.TemplateEngine.process(TemplateEngine.java:1077)
	at org.thymeleaf.spring6.view.ThymeleafView.renderFragment(ThymeleafView.java:372)
	at org.thymeleaf.spring6.view.ThymeleafView.render(ThymeleafView.java:192)
	at org.springframework.web.servlet.DispatcherServlet.render(DispatcherServlet.java:1431)
	at org.springframework.web.servlet.DispatcherServlet.processDispatchResult(DispatcherServlet.java:1167)
	at org.springframework.web.servlet.DispatcherServlet.doDispatch(DispatcherServlet.java:1106)
	at org.springframework.web.servlet.DispatcherServlet.doService(DispatcherServlet.java:979)
	at org.springframework.web.servlet.FrameworkServlet.processRequest(FrameworkServlet.java:1014)
	at org.springframework.web.servlet.FrameworkServlet.doGet(FrameworkServlet.java:903)
	at jakarta.servlet.http.HttpServlet.service(HttpServlet.java:564)
	at org.springframework.web.servlet.FrameworkServlet.service(FrameworkServlet.java:885)
	at jakarta.servlet.http.HttpServlet.service(HttpServlet.java:658)
	at org.apache.catalina.core.ApplicationFilterChain.internalDoFilter(ApplicationFilterChain.java:195)
	at org.apache.catalina.core.ApplicationFilterChain.doFilter(ApplicationFilterChain.java:140)
	at org.apache.tomcat.websocket.server.WsFilter.doFilter(WsFilter.java:51)
	at org.apache.catalina.core.ApplicationFilterChain.internalDoFilter(ApplicationFilterChain.java:164)
	at org.apache.catalina.core.ApplicationFilterChain.doFilter(ApplicationFilterChain.java:140)
	at org.springframework.web.filter.RequestContextFilter.doFilterInternal(RequestContextFilter.java:100)
	at org.springframework.web.filter.OncePerRequestFilter.doFilter(OncePerRequestFilter.java:116)
	at org.apache.catalina.core.ApplicationFilterChain.internalDoFilter(ApplicationFilterChain.java:164)
	at org.apache.catalina.core.ApplicationFilterChain.doFilter(ApplicationFilterChain.java:140)
	at org.springframework.web.filter.FormContentFilter.doFilterInternal(FormContentFilter.java:93)
	at org.springframework.web.filter.OncePerRequestFilter.doFilter(OncePerRequestFilter.java:116)
	at org.apache.catalina.core.ApplicationFilterChain.internalDoFilter(ApplicationFilterChain.java:164)
	at org.apache.catalina.core.ApplicationFilterChain.doFilter(ApplicationFilterChain.java:140)
	at org.springframework.web.filter.CharacterEncodingFilter.doFilterInternal(CharacterEncodingFilter.java:201)
	at org.springframework.web.filter.OncePerRequestFilter.doFilter(OncePerRequestFilter.java:116)
	at org.apache.catalina.core.ApplicationFilterChain.internalDoFilter(ApplicationFilterChain.java:164)
	at org.apache.catalina.core.ApplicationFilterChain.doFilter(ApplicationFilterChain.java:140)
	at org.apache.catalina.core.StandardWrapperValve.invoke(StandardWrapperValve.java:167)
	at org.apache.catalina.core.StandardContextValve.invoke(StandardContextValve.java:90)
	at org.apache.catalina.authenticator.AuthenticatorBase.invoke(AuthenticatorBase.java:482)
	at org.apache.catalina.core.StandardHostValve.invoke(StandardHostValve.java:115)
	at org.apache.catalina.valves.ErrorReportValve.invoke(ErrorReportValve.java:93)
	at org.apache.catalina.core.StandardEngineValve.invoke(StandardEngineValve.java:74)
	at org.apache.catalina.connector.CoyoteAdapter.service(CoyoteAdapter.java:344)
	at org.apache.coyote.http11.Http11Processor.service(Http11Processor.java:389)
	at org.apache.coyote.AbstractProcessorLight.process(AbstractProcessorLight.java:63)
	at org.apache.coyote.AbstractProtocol$ConnectionHandler.process(AbstractProtocol.java:896)
	at org.apache.tomcat.util.net.NioEndpoint$SocketProcessor.doRun(NioEndpoint.java:1741)
	at org.apache.tomcat.util.net.SocketProcessorBase.run(SocketProcessorBase.java:52)
	at org.apache.tomcat.util.threads.ThreadPoolExecutor.runWorker(ThreadPoolExecutor.java:1190)
	at org.apache.tomcat.util.threads.ThreadPoolExecutor$Worker.run(ThreadPoolExecutor.java:659)
	at org.apache.tomcat.util.threads.TaskThread$WrappingRunnable.run(TaskThread.java:63)
	at java.base/java.lang.Thread.run(Thread.java:1583)
Caused by: org.attoparser.ParseException: Could not parse as expression: "" (template: "EmployeePanel" - line 72, col 10)
	at org.attoparser.MarkupParser.parseDocument(MarkupParser.java:393)
	at org.attoparser.MarkupParser.parse(MarkupParser.java:257)
	at org.thymeleaf.templateparser.markup.AbstractMarkupTemplateParser.parse(AbstractMarkupTemplateParser.java:230)
	... 48 common frames omitted
Caused by: org.thymeleaf.exceptions.TemplateProcessingException: Could not parse as expression: "" (template: "EmployeePanel" - line 72, col 10)
	at org.thymeleaf.standard.expression.StandardExpressionParser.parseExpression(StandardExpressionParser.java:131)
	at org.thymeleaf.standard.expression.StandardExpressionParser.parseExpression(StandardExpressionParser.java:62)
	at org.thymeleaf.standard.expression.StandardExpressionParser.parseExpression(StandardExpressionParser.java:44)
	at org.thymeleaf.engine.EngineEventUtils.parseAttributeExpression(EngineEventUtils.java:220)
	at org.thymeleaf.engine.EngineEventUtils.computeAttributeExpression(EngineEventUtils.java:207)
	at org.thymeleaf.standard.processor.AbstractStandardExpressionAttributeTagProcessor.doProcess(AbstractStandardExpressionAttributeTagProcessor.java:125)
	at org.thymeleaf.processor.element.AbstractAttributeTagProcessor.doProcess(AbstractAttributeTagProcessor.java:74)
	at org.thymeleaf.processor.element.AbstractElementTagProcessor.process(AbstractElementTagProcessor.java:95)
	at org.thymeleaf.util.ProcessorConfigurationUtils$ElementTagProcessorWrapper.process(ProcessorConfigurationUtils.java:633)
	at org.thymeleaf.engine.ProcessorTemplateHandler.handleStandaloneElement(ProcessorTemplateHandler.java:918)
	at org.thymeleaf.engine.TemplateHandlerAdapterMarkupHandler.handleStandaloneElementEnd(TemplateHandlerAdapterMarkupHandler.java:260)
	at org.thymeleaf.templateparser.markup.InlinedOutputExpressionMarkupHandler$InlineMarkupAdapterPreProcessorHandler.handleStandaloneElementEnd(InlinedOutputExpressionMarkupHandler.java:256)
	at org.thymeleaf.standard.inline.OutputExpressionInlinePreProcessorHandler.handleStandaloneElementEnd(OutputExpressionInlinePreProcessorHandler.java:169)
	at org.thymeleaf.templateparser.markup.InlinedOutputExpressionMarkupHandler.handleStandaloneElementEnd(InlinedOutputExpressionMarkupHandler.java:104)
	at org.attoparser.HtmlVoidElement.handleOpenElementEnd(HtmlVoidElement.java:92)
	at org.attoparser.HtmlMarkupHandler.handleOpenElementEnd(HtmlMarkupHandler.java:297)
	at org.attoparser.MarkupEventProcessorHandler.handleOpenElementEnd(MarkupEventProcessorHandler.java:402)
	at org.attoparser.ParsingElementMarkupUtil.parseOpenElement(ParsingElementMarkupUtil.java:159)
	at org.attoparser.MarkupParser.parseBuffer(MarkupParser.java:710)
	at org.attoparser.MarkupParser.parseDocument(MarkupParser.java:301)
	... 50 common frames omitted
2024-07-02 20:55:52.396 ERROR o.a.c.c.C.[.[.[.[dispatcherServlet] uId:  --- Servlet.service() for servlet [dispatcherServlet] in context with path [] threw exception [Request processing failed: org.thymeleaf.exceptions.TemplateInputException: An error happened during template parsing (template: "class path resource [templates/EmployeePanel.html]")] with root cause
org.thymeleaf.exceptions.TemplateProcessingException: Could not parse as expression: "" (template: "EmployeePanel" - line 72, col 10)
	at org.thymeleaf.standard.expression.StandardExpressionParser.parseExpression(StandardExpressionParser.java:131)
	at org.thymeleaf.standard.expression.StandardExpressionParser.parseExpression(StandardExpressionParser.java:62)
	at org.thymeleaf.standard.expression.StandardExpressionParser.parseExpression(StandardExpressionParser.java:44)
	at org.thymeleaf.engine.EngineEventUtils.parseAttributeExpression(EngineEventUtils.java:220)
	at org.thymeleaf.engine.EngineEventUtils.computeAttributeExpression(EngineEventUtils.java:207)
	at org.thymeleaf.standard.processor.AbstractStandardExpressionAttributeTagProcessor.doProcess(AbstractStandardExpressionAttributeTagProcessor.java:125)
	at org.thymeleaf.processor.element.AbstractAttributeTagProcessor.doProcess(AbstractAttributeTagProcessor.java:74)
	at org.thymeleaf.processor.element.AbstractElementTagProcessor.process(AbstractElementTagProcessor.java:95)
	at org.thymeleaf.util.ProcessorConfigurationUtils$ElementTagProcessorWrapper.process(ProcessorConfigurationUtils.java:633)
	at org.thymeleaf.engine.ProcessorTemplateHandler.handleStandaloneElement(ProcessorTemplateHandler.java:918)
	at org.thymeleaf.engine.TemplateHandlerAdapterMarkupHandler.handleStandaloneElementEnd(TemplateHandlerAdapterMarkupHandler.java:260)
	at org.thymeleaf.templateparser.markup.InlinedOutputExpressionMarkupHandler$InlineMarkupAdapterPreProcessorHandler.handleStandaloneElementEnd(InlinedOutputExpressionMarkupHandler.java:256)
	at org.thymeleaf.standard.inline.OutputExpressionInlinePreProcessorHandler.handleStandaloneElementEnd(OutputExpressionInlinePreProcessorHandler.java:169)
	at org.thymeleaf.templateparser.markup.InlinedOutputExpressionMarkupHandler.handleStandaloneElementEnd(InlinedOutputExpressionMarkupHandler.java:104)
	at org.attoparser.HtmlVoidElement.handleOpenElementEnd(HtmlVoidElement.java:92)
	at org.attoparser.HtmlMarkupHandler.handleOpenElementEnd(HtmlMarkupHandler.java:297)
	at org.attoparser.MarkupEventProcessorHandler.handleOpenElementEnd(MarkupEventProcessorHandler.java:402)
	at org.attoparser.ParsingElementMarkupUtil.parseOpenElement(ParsingElementMarkupUtil.java:159)
	at org.attoparser.MarkupParser.parseBuffer(MarkupParser.java:710)
	at org.attoparser.MarkupParser.parseDocument(MarkupParser.java:301)
	at org.attoparser.MarkupParser.parse(MarkupParser.java:257)
	at org.thymeleaf.templateparser.markup.AbstractMarkupTemplateParser.parse(AbstractMarkupTemplateParser.java:230)
	at org.thymeleaf.templateparser.markup.AbstractMarkupTemplateParser.parseStandalone(AbstractMarkupTemplateParser.java:100)
	at org.thymeleaf.engine.TemplateManager.parseAndProcess(TemplateManager.java:666)
	at org.thymeleaf.TemplateEngine.process(TemplateEngine.java:1103)
	at org.thymeleaf.TemplateEngine.process(TemplateEngine.java:1077)
	at org.thymeleaf.spring6.view.ThymeleafView.renderFragment(ThymeleafView.java:372)
	at org.thymeleaf.spring6.view.ThymeleafView.render(ThymeleafView.java:192)
	at org.springframework.web.servlet.DispatcherServlet.render(DispatcherServlet.java:1431)
	at org.springframework.web.servlet.DispatcherServlet.processDispatchResult(DispatcherServlet.java:1167)
	at org.springframework.web.servlet.DispatcherServlet.doDispatch(DispatcherServlet.java:1106)
	at org.springframework.web.servlet.DispatcherServlet.doService(DispatcherServlet.java:979)
	at org.springframework.web.servlet.FrameworkServlet.processRequest(FrameworkServlet.java:1014)
	at org.springframework.web.servlet.FrameworkServlet.doGet(FrameworkServlet.java:903)
	at jakarta.servlet.http.HttpServlet.service(HttpServlet.java:564)
	at org.springframework.web.servlet.FrameworkServlet.service(FrameworkServlet.java:885)
	at jakarta.servlet.http.HttpServlet.service(HttpServlet.java:658)
	at org.apache.catalina.core.ApplicationFilterChain.internalDoFilter(ApplicationFilterChain.java:195)
	at org.apache.catalina.core.ApplicationFilterChain.doFilter(ApplicationFilterChain.java:140)
	at org.apache.tomcat.websocket.server.WsFilter.doFilter(WsFilter.java:51)
	at org.apache.catalina.core.ApplicationFilterChain.internalDoFilter(ApplicationFilterChain.java:164)
	at org.apache.catalina.core.ApplicationFilterChain.doFilter(ApplicationFilterChain.java:140)
	at org.springframework.web.filter.RequestContextFilter.doFilterInternal(RequestContextFilter.java:100)
	at org.springframework.web.filter.OncePerRequestFilter.doFilter(OncePerRequestFilter.java:116)
	at org.apache.catalina.core.ApplicationFilterChain.internalDoFilter(ApplicationFilterChain.java:164)
	at org.apache.catalina.core.ApplicationFilterChain.doFilter(ApplicationFilterChain.java:140)
	at org.springframework.web.filter.FormContentFilter.doFilterInternal(FormContentFilter.java:93)
	at org.springframework.web.filter.OncePerRequestFilter.doFilter(OncePerRequestFilter.java:116)
	at org.apache.catalina.core.ApplicationFilterChain.internalDoFilter(ApplicationFilterChain.java:164)
	at org.apache.catalina.core.ApplicationFilterChain.doFilter(ApplicationFilterChain.java:140)
	at org.springframework.web.filter.CharacterEncodingFilter.doFilterInternal(CharacterEncodingFilter.java:201)
	at org.springframework.web.filter.OncePerRequestFilter.doFilter(OncePerRequestFilter.java:116)
	at org.apache.catalina.core.ApplicationFilterChain.internalDoFilter(ApplicationFilterChain.java:164)
	at org.apache.catalina.core.ApplicationFilterChain.doFilter(ApplicationFilterChain.java:140)
	at org.apache.catalina.core.StandardWrapperValve.invoke(StandardWrapperValve.java:167)
	at org.apache.catalina.core.StandardContextValve.invoke(StandardContextValve.java:90)
	at org.apache.catalina.authenticator.AuthenticatorBase.invoke(AuthenticatorBase.java:482)
	at org.apache.catalina.core.StandardHostValve.invoke(StandardHostValve.java:115)
	at org.apache.catalina.valves.ErrorReportValve.invoke(ErrorReportValve.java:93)
	at org.apache.catalina.core.StandardEngineValve.invoke(StandardEngineValve.java:74)
	at org.apache.catalina.connector.CoyoteAdapter.service(CoyoteAdapter.java:344)
	at org.apache.coyote.http11.Http11Processor.service(Http11Processor.java:389)
	at org.apache.coyote.AbstractProcessorLight.process(AbstractProcessorLight.java:63)
	at org.apache.coyote.AbstractProtocol$ConnectionHandler.process(AbstractProtocol.java:896)
	at org.apache.tomcat.util.net.NioEndpoint$SocketProcessor.doRun(NioEndpoint.java:1741)
	at org.apache.tomcat.util.net.SocketProcessorBase.run(SocketProcessorBase.java:52)
	at org.apache.tomcat.util.threads.ThreadPoolExecutor.runWorker(ThreadPoolExecutor.java:1190)
	at org.apache.tomcat.util.threads.ThreadPoolExecutor$Worker.run(ThreadPoolExecutor.java:659)
	at org.apache.tomcat.util.threads.TaskThread$WrappingRunnable.run(TaskThread.java:63)
	at java.base/java.lang.Thread.run(Thread.java:1583)
2024-07-02 21:05:35.346 INFO c.e.u.UniversityOfTabrizApplication uId:  --- Starting UniversityOfTabrizApplication using Java 21.0.1 with PID 7764 (C:\Users\Hamed2\Desktop\UniversityOfTabriz\target\classes started by Hamed2 in C:\Users\Hamed2\Desktop\UniversityOfTabriz)
2024-07-02 21:05:35.348 INFO c.e.u.UniversityOfTabrizApplication uId:  --- No active profile set, falling back to 1 default profile: "default"
2024-07-02 21:05:42.581 INFO c.e.u.UniversityOfTabrizApplication uId:  --- Started UniversityOfTabrizApplication in 7.862 seconds (process running for 9.525)
2024-07-02 21:05:59.143 INFO c.e.u.C.LoginController uId: 100 --- Application Started.
