2024-07-01 14:37:40.054 INFO c.e.u.UniversityOfTabrizApplication uId:  --- Starting UniversityOfTabrizApplication using Java 21.0.1 with PID 19784 (C:\Users\Linux_laptop\Desktop\UniversityOfTabriz\target\classes started by Linux_laptop in C:\Users\Linux_laptop\Desktop\UniversityOfTabriz)
2024-07-01 14:37:40.061 INFO c.e.u.UniversityOfTabrizApplication uId:  --- No active profile set, falling back to 1 default profile: "default"
2024-07-01 14:37:45.349 INFO c.e.u.UniversityOfTabrizApplication uId:  --- Started UniversityOfTabrizApplication in 5.556 seconds (process running for 6.444)
2024-07-01 14:37:46.243 INFO c.e.u.C.LoginController uId: 100 --- Application Started.
2024-07-01 15:52:50.996 INFO c.e.u.UniversityOfTabrizApplication uId:  --- Starting UniversityOfTabrizApplication using Java 21.0.1 with PID 19660 (C:\Users\Linux_laptop\Desktop\UniversityOfTabriz\target\classes started by Linux_laptop in C:\Users\Linux_laptop\Desktop\UniversityOfTabriz)
2024-07-01 15:52:50.997 INFO c.e.u.UniversityOfTabrizApplication uId:  --- No active profile set, falling back to 1 default profile: "default"
2024-07-01 15:52:56.961 INFO c.e.u.UniversityOfTabrizApplication uId:  --- Started UniversityOfTabrizApplication in 6.212 seconds (process running for 6.928)
2024-07-01 15:52:57.040 INFO c.e.u.C.LoginController uId: 100 --- Application Started.
2024-07-01 15:53:02.191 INFO c.e.u.C.LoginController uId: 101 --- Got Students.
2024-07-01 15:53:19.329 INFO c.e.u.C.LoginController uId:  --- Student with id: 101 updated successfully.
2024-07-01 15:54:18.849 INFO c.e.u.UniversityOfTabrizApplication uId:  --- Starting UniversityOfTabrizApplication using Java 21.0.1 with PID 26748 (C:\Users\Linux_laptop\Desktop\UniversityOfTabriz\target\classes started by Linux_laptop in C:\Users\Linux_laptop\Desktop\UniversityOfTabriz)
2024-07-01 15:54:18.849 INFO c.e.u.UniversityOfTabrizApplication uId:  --- No active profile set, falling back to 1 default profile: "default"
2024-07-01 15:54:23.511 INFO c.e.u.UniversityOfTabrizApplication uId:  --- Started UniversityOfTabrizApplication in 4.991 seconds (process running for 5.679)
2024-07-01 15:54:23.633 INFO c.e.u.C.LoginController uId: 100 --- Application Started.
2024-07-01 15:54:27.446 INFO c.e.u.C.LoginController uId:  --- Student with id: 102 updated successfully.
2024-07-01 17:23:07.079 INFO c.e.u.UniversityOfTabrizApplication uId:  --- Starting UniversityOfTabrizApplication using Java 21.0.1 with PID 24116 (C:\Users\Linux_laptop\Desktop\UniversityOfTabriz\target\classes started by Linux_laptop in C:\Users\Linux_laptop\Desktop\UniversityOfTabriz)
2024-07-01 17:23:07.080 INFO c.e.u.UniversityOfTabrizApplication uId:  --- No active profile set, falling back to 1 default profile: "default"
2024-07-01 17:23:12.421 INFO c.e.u.UniversityOfTabrizApplication uId:  --- Started UniversityOfTabrizApplication in 5.603 seconds (process running for 6.287)
2024-07-01 17:23:12.701 INFO c.e.u.C.LoginController uId: 100 --- Application Started.
2024-07-01 17:23:12.806 ERROR o.a.c.c.C.[.[.[.[dispatcherServlet] uId: 100 --- Servlet.service() for servlet [dispatcherServlet] in context with path [] threw exception [Request processing failed: java.lang.NullPointerException: Cannot invoke "com.example.universityoftabriz.Objects.Student.getName_f()" because "this.student" is null] with root cause
java.lang.NullPointerException: Cannot invoke "com.example.universityoftabriz.Objects.Student.getName_f()" because "this.student" is null
	at com.example.universityoftabriz.Controllers.LoginController.Login(LoginController.java:30)
	at java.base/jdk.internal.reflect.DirectMethodHandleAccessor.invoke(DirectMethodHandleAccessor.java:103)
	at java.base/java.lang.reflect.Method.invoke(Method.java:580)
	at org.springframework.web.method.support.InvocableHandlerMethod.doInvoke(InvocableHandlerMethod.java:255)
	at org.springframework.web.method.support.InvocableHandlerMethod.invokeForRequest(InvocableHandlerMethod.java:188)
	at org.springframework.web.servlet.mvc.method.annotation.ServletInvocableHandlerMethod.invokeAndHandle(ServletInvocableHandlerMethod.java:118)
	at org.springframework.web.servlet.mvc.method.annotation.RequestMappingHandlerAdapter.invokeHandlerMethod(RequestMappingHandlerAdapter.java:926)
	at org.springframework.web.servlet.mvc.method.annotation.RequestMappingHandlerAdapter.handleInternal(RequestMappingHandlerAdapter.java:831)
	at org.springframework.web.servlet.mvc.method.AbstractHandlerMethodAdapter.handle(AbstractHandlerMethodAdapter.java:87)
	at org.springframework.web.servlet.DispatcherServlet.doDispatch(DispatcherServlet.java:1089)
	at org.springframework.web.servlet.DispatcherServlet.doService(DispatcherServlet.java:979)
	at org.springframework.web.servlet.FrameworkServlet.processRequest(FrameworkServlet.java:1014)
	at org.springframework.web.servlet.FrameworkServlet.doGet(FrameworkServlet.java:903)
	at jakarta.servlet.http.HttpServlet.service(HttpServlet.java:564)
	at org.springframework.web.servlet.FrameworkServlet.service(FrameworkServlet.java:885)
	at jakarta.servlet.http.HttpServlet.service(HttpServlet.java:658)
	at org.apache.catalina.core.ApplicationFilterChain.internalDoFilter(ApplicationFilterChain.java:195)
	at org.apache.catalina.core.ApplicationFilterChain.doFilter(ApplicationFilterChain.java:140)
	at org.apache.tomcat.websocket.server.WsFilter.doFilter(WsFilter.java:51)
	at org.apache.catalina.core.ApplicationFilterChain.internalDoFilter(ApplicationFilterChain.java:164)
	at org.apache.catalina.core.ApplicationFilterChain.doFilter(ApplicationFilterChain.java:140)
	at org.springframework.web.filter.RequestContextFilter.doFilterInternal(RequestContextFilter.java:100)
	at org.springframework.web.filter.OncePerRequestFilter.doFilter(OncePerRequestFilter.java:116)
	at org.apache.catalina.core.ApplicationFilterChain.internalDoFilter(ApplicationFilterChain.java:164)
	at org.apache.catalina.core.ApplicationFilterChain.doFilter(ApplicationFilterChain.java:140)
	at org.springframework.web.filter.FormContentFilter.doFilterInternal(FormContentFilter.java:93)
	at org.springframework.web.filter.OncePerRequestFilter.doFilter(OncePerRequestFilter.java:116)
	at org.apache.catalina.core.ApplicationFilterChain.internalDoFilter(ApplicationFilterChain.java:164)
	at org.apache.catalina.core.ApplicationFilterChain.doFilter(ApplicationFilterChain.java:140)
	at org.springframework.web.filter.CharacterEncodingFilter.doFilterInternal(CharacterEncodingFilter.java:201)
	at org.springframework.web.filter.OncePerRequestFilter.doFilter(OncePerRequestFilter.java:116)
	at org.apache.catalina.core.ApplicationFilterChain.internalDoFilter(ApplicationFilterChain.java:164)
	at org.apache.catalina.core.ApplicationFilterChain.doFilter(ApplicationFilterChain.java:140)
	at org.apache.catalina.core.StandardWrapperValve.invoke(StandardWrapperValve.java:167)
	at org.apache.catalina.core.StandardContextValve.invoke(StandardContextValve.java:90)
	at org.apache.catalina.authenticator.AuthenticatorBase.invoke(AuthenticatorBase.java:482)
	at org.apache.catalina.core.StandardHostValve.invoke(StandardHostValve.java:115)
	at org.apache.catalina.valves.ErrorReportValve.invoke(ErrorReportValve.java:93)
	at org.apache.catalina.core.StandardEngineValve.invoke(StandardEngineValve.java:74)
	at org.apache.catalina.connector.CoyoteAdapter.service(CoyoteAdapter.java:344)
	at org.apache.coyote.http11.Http11Processor.service(Http11Processor.java:389)
	at org.apache.coyote.AbstractProcessorLight.process(AbstractProcessorLight.java:63)
	at org.apache.coyote.AbstractProtocol$ConnectionHandler.process(AbstractProtocol.java:896)
	at org.apache.tomcat.util.net.NioEndpoint$SocketProcessor.doRun(NioEndpoint.java:1741)
	at org.apache.tomcat.util.net.SocketProcessorBase.run(SocketProcessorBase.java:52)
	at org.apache.tomcat.util.threads.ThreadPoolExecutor.runWorker(ThreadPoolExecutor.java:1190)
	at org.apache.tomcat.util.threads.ThreadPoolExecutor$Worker.run(ThreadPoolExecutor.java:659)
	at org.apache.tomcat.util.threads.TaskThread$WrappingRunnable.run(TaskThread.java:63)
	at java.base/java.lang.Thread.run(Thread.java:1583)
2024-07-01 17:23:12.852 INFO c.e.u.C.LoginController uId: 100 --- Application Started.
2024-07-01 17:23:12.854 ERROR o.a.c.c.C.[.[.[.[dispatcherServlet] uId: 100 --- Servlet.service() for servlet [dispatcherServlet] in context with path [] threw exception [Request processing failed: java.lang.NullPointerException: Cannot invoke "com.example.universityoftabriz.Objects.Student.getName_f()" because "this.student" is null] with root cause
java.lang.NullPointerException: Cannot invoke "com.example.universityoftabriz.Objects.Student.getName_f()" because "this.student" is null
	at com.example.universityoftabriz.Controllers.LoginController.Login(LoginController.java:30)
	at java.base/jdk.internal.reflect.DirectMethodHandleAccessor.invoke(DirectMethodHandleAccessor.java:103)
	at java.base/java.lang.reflect.Method.invoke(Method.java:580)
	at org.springframework.web.method.support.InvocableHandlerMethod.doInvoke(InvocableHandlerMethod.java:255)
	at org.springframework.web.method.support.InvocableHandlerMethod.invokeForRequest(InvocableHandlerMethod.java:188)
	at org.springframework.web.servlet.mvc.method.annotation.ServletInvocableHandlerMethod.invokeAndHandle(ServletInvocableHandlerMethod.java:118)
	at org.springframework.web.servlet.mvc.method.annotation.RequestMappingHandlerAdapter.invokeHandlerMethod(RequestMappingHandlerAdapter.java:926)
	at org.springframework.web.servlet.mvc.method.annotation.RequestMappingHandlerAdapter.handleInternal(RequestMappingHandlerAdapter.java:831)
	at org.springframework.web.servlet.mvc.method.AbstractHandlerMethodAdapter.handle(AbstractHandlerMethodAdapter.java:87)
	at org.springframework.web.servlet.DispatcherServlet.doDispatch(DispatcherServlet.java:1089)
	at org.springframework.web.servlet.DispatcherServlet.doService(DispatcherServlet.java:979)
	at org.springframework.web.servlet.FrameworkServlet.processRequest(FrameworkServlet.java:1014)
	at org.springframework.web.servlet.FrameworkServlet.doGet(FrameworkServlet.java:903)
	at jakarta.servlet.http.HttpServlet.service(HttpServlet.java:564)
	at org.springframework.web.servlet.FrameworkServlet.service(FrameworkServlet.java:885)
	at jakarta.servlet.http.HttpServlet.service(HttpServlet.java:658)
	at org.apache.catalina.core.ApplicationFilterChain.internalDoFilter(ApplicationFilterChain.java:195)
	at org.apache.catalina.core.ApplicationFilterChain.doFilter(ApplicationFilterChain.java:140)
	at org.apache.tomcat.websocket.server.WsFilter.doFilter(WsFilter.java:51)
	at org.apache.catalina.core.ApplicationFilterChain.internalDoFilter(ApplicationFilterChain.java:164)
	at org.apache.catalina.core.ApplicationFilterChain.doFilter(ApplicationFilterChain.java:140)
	at org.springframework.web.filter.RequestContextFilter.doFilterInternal(RequestContextFilter.java:100)
	at org.springframework.web.filter.OncePerRequestFilter.doFilter(OncePerRequestFilter.java:116)
	at org.apache.catalina.core.ApplicationFilterChain.internalDoFilter(ApplicationFilterChain.java:164)
	at org.apache.catalina.core.ApplicationFilterChain.doFilter(ApplicationFilterChain.java:140)
	at org.springframework.web.filter.FormContentFilter.doFilterInternal(FormContentFilter.java:93)
	at org.springframework.web.filter.OncePerRequestFilter.doFilter(OncePerRequestFilter.java:116)
	at org.apache.catalina.core.ApplicationFilterChain.internalDoFilter(ApplicationFilterChain.java:164)
	at org.apache.catalina.core.ApplicationFilterChain.doFilter(ApplicationFilterChain.java:140)
	at org.springframework.web.filter.CharacterEncodingFilter.doFilterInternal(CharacterEncodingFilter.java:201)
	at org.springframework.web.filter.OncePerRequestFilter.doFilter(OncePerRequestFilter.java:116)
	at org.apache.catalina.core.ApplicationFilterChain.internalDoFilter(ApplicationFilterChain.java:164)
	at org.apache.catalina.core.ApplicationFilterChain.doFilter(ApplicationFilterChain.java:140)
	at org.apache.catalina.core.StandardWrapperValve.invoke(StandardWrapperValve.java:167)
	at org.apache.catalina.core.StandardContextValve.invoke(StandardContextValve.java:90)
	at org.apache.catalina.authenticator.AuthenticatorBase.invoke(AuthenticatorBase.java:482)
	at org.apache.catalina.core.StandardHostValve.invoke(StandardHostValve.java:115)
	at org.apache.catalina.valves.ErrorReportValve.invoke(ErrorReportValve.java:93)
	at org.apache.catalina.core.StandardEngineValve.invoke(StandardEngineValve.java:74)
	at org.apache.catalina.connector.CoyoteAdapter.service(CoyoteAdapter.java:344)
	at org.apache.coyote.http11.Http11Processor.service(Http11Processor.java:389)
	at org.apache.coyote.AbstractProcessorLight.process(AbstractProcessorLight.java:63)
	at org.apache.coyote.AbstractProtocol$ConnectionHandler.process(AbstractProtocol.java:896)
	at org.apache.tomcat.util.net.NioEndpoint$SocketProcessor.doRun(NioEndpoint.java:1741)
	at org.apache.tomcat.util.net.SocketProcessorBase.run(SocketProcessorBase.java:52)
	at org.apache.tomcat.util.threads.ThreadPoolExecutor.runWorker(ThreadPoolExecutor.java:1190)
	at org.apache.tomcat.util.threads.ThreadPoolExecutor$Worker.run(ThreadPoolExecutor.java:659)
	at org.apache.tomcat.util.threads.TaskThread$WrappingRunnable.run(TaskThread.java:63)
	at java.base/java.lang.Thread.run(Thread.java:1583)
2024-07-01 17:26:36.078 INFO c.e.u.UniversityOfTabrizApplication uId:  --- Starting UniversityOfTabrizApplication using Java 21.0.1 with PID 24116 (C:\Users\Linux_laptop\Desktop\UniversityOfTabriz\target\classes started by Linux_laptop in C:\Users\Linux_laptop\Desktop\UniversityOfTabriz)
2024-07-01 17:26:36.078 INFO c.e.u.UniversityOfTabrizApplication uId:  --- No active profile set, falling back to 1 default profile: "default"
2024-07-01 17:26:38.031 INFO c.e.u.UniversityOfTabrizApplication uId:  --- Started UniversityOfTabrizApplication in 2.005 seconds (process running for 211.897)
2024-07-01 17:26:39.553 INFO c.e.u.UniversityOfTabrizApplication uId:  --- Starting UniversityOfTabrizApplication using Java 21.0.1 with PID 24116 (C:\Users\Linux_laptop\Desktop\UniversityOfTabriz\target\classes started by Linux_laptop in C:\Users\Linux_laptop\Desktop\UniversityOfTabriz)
2024-07-01 17:26:39.553 INFO c.e.u.UniversityOfTabrizApplication uId:  --- No active profile set, falling back to 1 default profile: "default"
2024-07-01 17:26:40.485 INFO c.e.u.UniversityOfTabrizApplication uId:  --- Started UniversityOfTabrizApplication in 0.953 seconds (process running for 214.351)
2024-07-01 17:30:30.092 INFO c.e.u.UniversityOfTabrizApplication uId:  --- Starting UniversityOfTabrizApplication using Java 21.0.1 with PID 24116 (C:\Users\Linux_laptop\Desktop\UniversityOfTabriz\target\classes started by Linux_laptop in C:\Users\Linux_laptop\Desktop\UniversityOfTabriz)
2024-07-01 17:30:30.092 INFO c.e.u.UniversityOfTabrizApplication uId:  --- No active profile set, falling back to 1 default profile: "default"
2024-07-01 17:30:31.457 INFO c.e.u.UniversityOfTabrizApplication uId:  --- Started UniversityOfTabrizApplication in 1.384 seconds (process running for 445.323)
2024-07-01 17:32:05.478 INFO c.e.u.UniversityOfTabrizApplication uId:  --- Starting UniversityOfTabrizApplication using Java 21.0.1 with PID 26704 (C:\Users\Linux_laptop\Desktop\UniversityOfTabriz\target\classes started by Linux_laptop in C:\Users\Linux_laptop\Desktop\UniversityOfTabriz)
2024-07-01 17:32:05.480 INFO c.e.u.UniversityOfTabrizApplication uId:  --- No active profile set, falling back to 1 default profile: "default"
2024-07-01 17:32:09.419 INFO c.e.u.UniversityOfTabrizApplication uId:  --- Started UniversityOfTabrizApplication in 4.198 seconds (process running for 4.876)
2024-07-01 17:32:15.889 INFO c.e.u.UniversityOfTabrizApplication uId:  --- Starting UniversityOfTabrizApplication using Java 21.0.1 with PID 23228 (C:\Users\Linux_laptop\Desktop\UniversityOfTabriz\target\classes started by Linux_laptop in C:\Users\Linux_laptop\Desktop\UniversityOfTabriz)
2024-07-01 17:32:15.890 INFO c.e.u.UniversityOfTabrizApplication uId:  --- No active profile set, falling back to 1 default profile: "default"
2024-07-01 17:32:20.541 INFO c.e.u.UniversityOfTabrizApplication uId:  --- Started UniversityOfTabrizApplication in 4.904 seconds (process running for 5.615)
2024-07-01 17:32:20.670 INFO c.e.u.C.LoginController uId: 100 --- Application Started.
2024-07-01 17:32:20.724 ERROR o.a.c.c.C.[.[.[.[dispatcherServlet] uId: 100 --- Servlet.service() for servlet [dispatcherServlet] in context with path [] threw exception [Request processing failed: java.lang.NullPointerException: Cannot invoke "com.example.universityoftabriz.Objects.Student.toString()" because "this.student" is null] with root cause
java.lang.NullPointerException: Cannot invoke "com.example.universityoftabriz.Objects.Student.toString()" because "this.student" is null
	at com.example.universityoftabriz.Controllers.LoginController.Login(LoginController.java:34)
	at java.base/jdk.internal.reflect.DirectMethodHandleAccessor.invoke(DirectMethodHandleAccessor.java:103)
	at java.base/java.lang.reflect.Method.invoke(Method.java:580)
	at org.springframework.web.method.support.InvocableHandlerMethod.doInvoke(InvocableHandlerMethod.java:255)
	at org.springframework.web.method.support.InvocableHandlerMethod.invokeForRequest(InvocableHandlerMethod.java:188)
	at org.springframework.web.servlet.mvc.method.annotation.ServletInvocableHandlerMethod.invokeAndHandle(ServletInvocableHandlerMethod.java:118)
	at org.springframework.web.servlet.mvc.method.annotation.RequestMappingHandlerAdapter.invokeHandlerMethod(RequestMappingHandlerAdapter.java:926)
	at org.springframework.web.servlet.mvc.method.annotation.RequestMappingHandlerAdapter.handleInternal(RequestMappingHandlerAdapter.java:831)
	at org.springframework.web.servlet.mvc.method.AbstractHandlerMethodAdapter.handle(AbstractHandlerMethodAdapter.java:87)
	at org.springframework.web.servlet.DispatcherServlet.doDispatch(DispatcherServlet.java:1089)
	at org.springframework.web.servlet.DispatcherServlet.doService(DispatcherServlet.java:979)
	at org.springframework.web.servlet.FrameworkServlet.processRequest(FrameworkServlet.java:1014)
	at org.springframework.web.servlet.FrameworkServlet.doGet(FrameworkServlet.java:903)
	at jakarta.servlet.http.HttpServlet.service(HttpServlet.java:564)
	at org.springframework.web.servlet.FrameworkServlet.service(FrameworkServlet.java:885)
	at jakarta.servlet.http.HttpServlet.service(HttpServlet.java:658)
	at org.apache.catalina.core.ApplicationFilterChain.internalDoFilter(ApplicationFilterChain.java:195)
	at org.apache.catalina.core.ApplicationFilterChain.doFilter(ApplicationFilterChain.java:140)
	at org.apache.tomcat.websocket.server.WsFilter.doFilter(WsFilter.java:51)
	at org.apache.catalina.core.ApplicationFilterChain.internalDoFilter(ApplicationFilterChain.java:164)
	at org.apache.catalina.core.ApplicationFilterChain.doFilter(ApplicationFilterChain.java:140)
	at org.springframework.web.filter.RequestContextFilter.doFilterInternal(RequestContextFilter.java:100)
	at org.springframework.web.filter.OncePerRequestFilter.doFilter(OncePerRequestFilter.java:116)
	at org.apache.catalina.core.ApplicationFilterChain.internalDoFilter(ApplicationFilterChain.java:164)
	at org.apache.catalina.core.ApplicationFilterChain.doFilter(ApplicationFilterChain.java:140)
	at org.springframework.web.filter.FormContentFilter.doFilterInternal(FormContentFilter.java:93)
	at org.springframework.web.filter.OncePerRequestFilter.doFilter(OncePerRequestFilter.java:116)
	at org.apache.catalina.core.ApplicationFilterChain.internalDoFilter(ApplicationFilterChain.java:164)
	at org.apache.catalina.core.ApplicationFilterChain.doFilter(ApplicationFilterChain.java:140)
	at org.springframework.web.filter.CharacterEncodingFilter.doFilterInternal(CharacterEncodingFilter.java:201)
	at org.springframework.web.filter.OncePerRequestFilter.doFilter(OncePerRequestFilter.java:116)
	at org.apache.catalina.core.ApplicationFilterChain.internalDoFilter(ApplicationFilterChain.java:164)
	at org.apache.catalina.core.ApplicationFilterChain.doFilter(ApplicationFilterChain.java:140)
	at org.apache.catalina.core.StandardWrapperValve.invoke(StandardWrapperValve.java:167)
	at org.apache.catalina.core.StandardContextValve.invoke(StandardContextValve.java:90)
	at org.apache.catalina.authenticator.AuthenticatorBase.invoke(AuthenticatorBase.java:482)
	at org.apache.catalina.core.StandardHostValve.invoke(StandardHostValve.java:115)
	at org.apache.catalina.valves.ErrorReportValve.invoke(ErrorReportValve.java:93)
	at org.apache.catalina.core.StandardEngineValve.invoke(StandardEngineValve.java:74)
	at org.apache.catalina.connector.CoyoteAdapter.service(CoyoteAdapter.java:344)
	at org.apache.coyote.http11.Http11Processor.service(Http11Processor.java:389)
	at org.apache.coyote.AbstractProcessorLight.process(AbstractProcessorLight.java:63)
	at org.apache.coyote.AbstractProtocol$ConnectionHandler.process(AbstractProtocol.java:896)
	at org.apache.tomcat.util.net.NioEndpoint$SocketProcessor.doRun(NioEndpoint.java:1741)
	at org.apache.tomcat.util.net.SocketProcessorBase.run(SocketProcessorBase.java:52)
	at org.apache.tomcat.util.threads.ThreadPoolExecutor.runWorker(ThreadPoolExecutor.java:1190)
	at org.apache.tomcat.util.threads.ThreadPoolExecutor$Worker.run(ThreadPoolExecutor.java:659)
	at org.apache.tomcat.util.threads.TaskThread$WrappingRunnable.run(TaskThread.java:63)
	at java.base/java.lang.Thread.run(Thread.java:1583)
2024-07-01 17:32:20.761 INFO c.e.u.C.LoginController uId: 100 --- Application Started.
2024-07-01 17:32:20.764 ERROR o.a.c.c.C.[.[.[.[dispatcherServlet] uId: 100 --- Servlet.service() for servlet [dispatcherServlet] in context with path [] threw exception [Request processing failed: java.lang.NullPointerException: Cannot invoke "com.example.universityoftabriz.Objects.Student.toString()" because "this.student" is null] with root cause
java.lang.NullPointerException: Cannot invoke "com.example.universityoftabriz.Objects.Student.toString()" because "this.student" is null
	at com.example.universityoftabriz.Controllers.LoginController.Login(LoginController.java:34)
	at java.base/jdk.internal.reflect.DirectMethodHandleAccessor.invoke(DirectMethodHandleAccessor.java:103)
	at java.base/java.lang.reflect.Method.invoke(Method.java:580)
	at org.springframework.web.method.support.InvocableHandlerMethod.doInvoke(InvocableHandlerMethod.java:255)
	at org.springframework.web.method.support.InvocableHandlerMethod.invokeForRequest(InvocableHandlerMethod.java:188)
	at org.springframework.web.servlet.mvc.method.annotation.ServletInvocableHandlerMethod.invokeAndHandle(ServletInvocableHandlerMethod.java:118)
	at org.springframework.web.servlet.mvc.method.annotation.RequestMappingHandlerAdapter.invokeHandlerMethod(RequestMappingHandlerAdapter.java:926)
	at org.springframework.web.servlet.mvc.method.annotation.RequestMappingHandlerAdapter.handleInternal(RequestMappingHandlerAdapter.java:831)
	at org.springframework.web.servlet.mvc.method.AbstractHandlerMethodAdapter.handle(AbstractHandlerMethodAdapter.java:87)
	at org.springframework.web.servlet.DispatcherServlet.doDispatch(DispatcherServlet.java:1089)
	at org.springframework.web.servlet.DispatcherServlet.doService(DispatcherServlet.java:979)
	at org.springframework.web.servlet.FrameworkServlet.processRequest(FrameworkServlet.java:1014)
	at org.springframework.web.servlet.FrameworkServlet.doGet(FrameworkServlet.java:903)
	at jakarta.servlet.http.HttpServlet.service(HttpServlet.java:564)
	at org.springframework.web.servlet.FrameworkServlet.service(FrameworkServlet.java:885)
	at jakarta.servlet.http.HttpServlet.service(HttpServlet.java:658)
	at org.apache.catalina.core.ApplicationFilterChain.internalDoFilter(ApplicationFilterChain.java:195)
	at org.apache.catalina.core.ApplicationFilterChain.doFilter(ApplicationFilterChain.java:140)
	at org.apache.tomcat.websocket.server.WsFilter.doFilter(WsFilter.java:51)
	at org.apache.catalina.core.ApplicationFilterChain.internalDoFilter(ApplicationFilterChain.java:164)
	at org.apache.catalina.core.ApplicationFilterChain.doFilter(ApplicationFilterChain.java:140)
	at org.springframework.web.filter.RequestContextFilter.doFilterInternal(RequestContextFilter.java:100)
	at org.springframework.web.filter.OncePerRequestFilter.doFilter(OncePerRequestFilter.java:116)
	at org.apache.catalina.core.ApplicationFilterChain.internalDoFilter(ApplicationFilterChain.java:164)
	at org.apache.catalina.core.ApplicationFilterChain.doFilter(ApplicationFilterChain.java:140)
	at org.springframework.web.filter.FormContentFilter.doFilterInternal(FormContentFilter.java:93)
	at org.springframework.web.filter.OncePerRequestFilter.doFilter(OncePerRequestFilter.java:116)
	at org.apache.catalina.core.ApplicationFilterChain.internalDoFilter(ApplicationFilterChain.java:164)
	at org.apache.catalina.core.ApplicationFilterChain.doFilter(ApplicationFilterChain.java:140)
	at org.springframework.web.filter.CharacterEncodingFilter.doFilterInternal(CharacterEncodingFilter.java:201)
	at org.springframework.web.filter.OncePerRequestFilter.doFilter(OncePerRequestFilter.java:116)
	at org.apache.catalina.core.ApplicationFilterChain.internalDoFilter(ApplicationFilterChain.java:164)
	at org.apache.catalina.core.ApplicationFilterChain.doFilter(ApplicationFilterChain.java:140)
	at org.apache.catalina.core.StandardWrapperValve.invoke(StandardWrapperValve.java:167)
	at org.apache.catalina.core.StandardContextValve.invoke(StandardContextValve.java:90)
	at org.apache.catalina.authenticator.AuthenticatorBase.invoke(AuthenticatorBase.java:482)
	at org.apache.catalina.core.StandardHostValve.invoke(StandardHostValve.java:115)
	at org.apache.catalina.valves.ErrorReportValve.invoke(ErrorReportValve.java:93)
	at org.apache.catalina.core.StandardEngineValve.invoke(StandardEngineValve.java:74)
	at org.apache.catalina.connector.CoyoteAdapter.service(CoyoteAdapter.java:344)
	at org.apache.coyote.http11.Http11Processor.service(Http11Processor.java:389)
	at org.apache.coyote.AbstractProcessorLight.process(AbstractProcessorLight.java:63)
	at org.apache.coyote.AbstractProtocol$ConnectionHandler.process(AbstractProtocol.java:896)
	at org.apache.tomcat.util.net.NioEndpoint$SocketProcessor.doRun(NioEndpoint.java:1741)
	at org.apache.tomcat.util.net.SocketProcessorBase.run(SocketProcessorBase.java:52)
	at org.apache.tomcat.util.threads.ThreadPoolExecutor.runWorker(ThreadPoolExecutor.java:1190)
	at org.apache.tomcat.util.threads.ThreadPoolExecutor$Worker.run(ThreadPoolExecutor.java:659)
	at org.apache.tomcat.util.threads.TaskThread$WrappingRunnable.run(TaskThread.java:63)
	at java.base/java.lang.Thread.run(Thread.java:1583)
2024-07-01 17:34:36.658 INFO c.e.u.UniversityOfTabrizApplication uId:  --- Starting UniversityOfTabrizApplication using Java 21.0.1 with PID 10756 (C:\Users\Linux_laptop\Desktop\UniversityOfTabriz\target\classes started by Linux_laptop in C:\Users\Linux_laptop\Desktop\UniversityOfTabriz)
2024-07-01 17:34:36.659 INFO c.e.u.UniversityOfTabrizApplication uId:  --- No active profile set, falling back to 1 default profile: "default"
2024-07-01 17:34:41.168 INFO c.e.u.UniversityOfTabrizApplication uId:  --- Started UniversityOfTabrizApplication in 4.758 seconds (process running for 5.45)
2024-07-01 17:34:41.839 INFO c.e.u.C.LoginController uId: 100 --- Application Started.
2024-07-01 17:35:48.430 INFO c.e.u.UniversityOfTabrizApplication uId:  --- Starting UniversityOfTabrizApplication using Java 21.0.1 with PID 10756 (C:\Users\Linux_laptop\Desktop\UniversityOfTabriz\target\classes started by Linux_laptop in C:\Users\Linux_laptop\Desktop\UniversityOfTabriz)
2024-07-01 17:35:48.431 INFO c.e.u.UniversityOfTabrizApplication uId:  --- No active profile set, falling back to 1 default profile: "default"
2024-07-01 17:35:49.664 INFO c.e.u.UniversityOfTabrizApplication uId:  --- Started UniversityOfTabrizApplication in 1.255 seconds (process running for 73.946)
